<?xml version="1.0" encoding="utf-8"?>
<!DOCTYPE coverage SYSTEM "http://cobertura.sourceforge.net/xml/coverage-04.dtd">
<coverage line-rate="0.387634936211973" branch-rate="0.24113475177305" lines-covered="395" lines-valid="1019" branches-covered="68" branches-valid="282" complexity="383" version="0" timestamp="1668965867">
  <sources>
    <source>C:\Users\gpnic\</source>
  </sources>
  <packages>
    <package name="Entidades" line-rate="0.347133757961783" branch-rate="0.24113475177305" complexity="363">
      <classes>
        <class name="Entidades.Excepciones.DatosIncorrectosException" filename="C:\Users\gpnic\Desktop\Gil.Nicolas.David.TP2\Entidades\Excepciones\DatosIncorrectosException.cs" line-rate="0" branch-rate="1" complexity="2">
          <methods>
            <method name=".ctor" signature="(...)" line-rate="0" branch-rate="1" complexity="1">
              <lines>
                <line number="11" hits="0" branch="false" />
                <line number="12" hits="0" branch="false" />
                <line number="14" hits="0" branch="false" />
              </lines>
            </method>
            <method name=".ctor" signature="(...)" line-rate="0" branch-rate="1" complexity="1">
              <lines>
                <line number="15" hits="0" branch="false" />
                <line number="16" hits="0" branch="false" />
                <line number="18" hits="0" branch="false" />
              </lines>
            </method>
          </methods>
          <lines>
            <line number="11" hits="0" branch="false" />
            <line number="12" hits="0" branch="false" />
            <line number="14" hits="0" branch="false" />
            <line number="15" hits="0" branch="false" />
            <line number="16" hits="0" branch="false" />
            <line number="18" hits="0" branch="false" />
          </lines>
        </class>
        <class name="Entidades.Excepciones.RowIndexException" filename="C:\Users\gpnic\Desktop\Gil.Nicolas.David.TP2\Entidades\Excepciones\RowIndexException.cs" line-rate="0" branch-rate="1" complexity="2">
          <methods>
            <method name=".ctor" signature="(...)" line-rate="0" branch-rate="1" complexity="1">
              <lines>
                <line number="11" hits="0" branch="false" />
                <line number="12" hits="0" branch="false" />
                <line number="14" hits="0" branch="false" />
              </lines>
            </method>
            <method name=".ctor" signature="(...)" line-rate="0" branch-rate="1" complexity="1">
              <lines>
                <line number="15" hits="0" branch="false" />
                <line number="16" hits="0" branch="false" />
                <line number="18" hits="0" branch="false" />
              </lines>
            </method>
          </methods>
          <lines>
            <line number="11" hits="0" branch="false" />
            <line number="12" hits="0" branch="false" />
            <line number="14" hits="0" branch="false" />
            <line number="15" hits="0" branch="false" />
            <line number="16" hits="0" branch="false" />
            <line number="18" hits="0" branch="false" />
          </lines>
        </class>
        <class name="Entidades.Modelos.Carta" filename="C:\Users\gpnic\Desktop\Gil.Nicolas.David.TP2\Entidades\Modelos\Carta.cs" line-rate="1" branch-rate="1" complexity="4">
          <methods>
            <method name="get_SimboloCarta" signature="()" line-rate="1" branch-rate="1" complexity="1">
              <lines>
                <line number="24" hits="45" branch="false" />
              </lines>
            </method>
            <method name="get_NumeroCarta" signature="()" line-rate="1" branch-rate="1" complexity="1">
              <lines>
                <line number="25" hits="17" branch="false" />
              </lines>
            </method>
            <method name="get_ColorCarta" signature="()" line-rate="1" branch-rate="1" complexity="1">
              <lines>
                <line number="26" hits="15" branch="false" />
              </lines>
            </method>
            <method name=".ctor" signature="(...)" line-rate="1" branch-rate="1" complexity="1">
              <lines>
                <line number="17" hits="295" branch="false" />
                <line number="18" hits="295" branch="false" />
                <line number="19" hits="295" branch="false" />
                <line number="20" hits="295" branch="false" />
                <line number="21" hits="295" branch="false" />
                <line number="22" hits="295" branch="false" />
              </lines>
            </method>
          </methods>
          <lines>
            <line number="17" hits="295" branch="false" />
            <line number="18" hits="295" branch="false" />
            <line number="19" hits="295" branch="false" />
            <line number="20" hits="295" branch="false" />
            <line number="21" hits="295" branch="false" />
            <line number="22" hits="295" branch="false" />
            <line number="24" hits="45" branch="false" />
            <line number="25" hits="17" branch="false" />
            <line number="26" hits="15" branch="false" />
          </lines>
        </class>
        <class name="Entidades.Modelos.Mazo" filename="C:\Users\gpnic\Desktop\Gil.Nicolas.David.TP2\Entidades\Modelos\Mazo.cs" line-rate="0.5" branch-rate="1" complexity="4">
          <methods>
            <method name="get_MiMazo" signature="()" line-rate="0" branch-rate="1" complexity="1">
              <lines>
                <line number="18" hits="0" branch="false" />
              </lines>
            </method>
            <method name="get_Carta" signature="()" line-rate="0" branch-rate="1" complexity="1">
              <lines>
                <line number="22" hits="0" branch="false" />
              </lines>
            </method>
            <method name="set_Carta" signature="(...)" line-rate="0" branch-rate="1" complexity="1">
              <lines>
                <line number="24" hits="0" branch="false" />
                <line number="25" hits="0" branch="false" />
              </lines>
            </method>
            <method name=".ctor" signature="()" line-rate="1" branch-rate="1" complexity="1">
              <lines>
                <line number="13" hits="1" branch="false" />
                <line number="14" hits="1" branch="false" />
                <line number="15" hits="1" branch="false" />
                <line number="16" hits="1" branch="false" />
              </lines>
            </method>
          </methods>
          <lines>
            <line number="13" hits="1" branch="false" />
            <line number="14" hits="1" branch="false" />
            <line number="15" hits="1" branch="false" />
            <line number="16" hits="1" branch="false" />
            <line number="18" hits="0" branch="false" />
            <line number="22" hits="0" branch="false" />
            <line number="24" hits="0" branch="false" />
            <line number="25" hits="0" branch="false" />
          </lines>
        </class>
        <class name="Entidades.Modelos.Partida" filename="C:\Users\gpnic\Desktop\Gil.Nicolas.David.TP2\Entidades\Modelos\Partida.cs" line-rate="0.474006116207951" branch-rate="0.335443037974684" complexity="178">
          <methods>
            <method name="get_FechaPartida" signature="()" line-rate="0" branch-rate="1" complexity="1">
              <lines>
                <line number="49" hits="0" branch="false" />
              </lines>
            </method>
            <method name="get_JugadorUno" signature="()" line-rate="1" branch-rate="1" complexity="1">
              <lines>
                <line number="51" hits="5" branch="false" />
              </lines>
            </method>
            <method name="get_JugadorDos" signature="()" line-rate="1" branch-rate="1" complexity="1">
              <lines>
                <line number="53" hits="2" branch="false" />
              </lines>
            </method>
            <method name="get_CartaMesa" signature="()" line-rate="1" branch-rate="1" complexity="1">
              <lines>
                <line number="54" hits="14" branch="false" />
              </lines>
            </method>
            <method name="get_UltimaUno" signature="()" line-rate="1" branch-rate="1" complexity="1">
              <lines>
                <line number="55" hits="1" branch="false" />
              </lines>
            </method>
            <method name="get_UltimaDos" signature="()" line-rate="1" branch-rate="1" complexity="1">
              <lines>
                <line number="56" hits="1" branch="false" />
              </lines>
            </method>
            <method name="get_Ganador" signature="()" line-rate="1" branch-rate="1" complexity="1">
              <lines>
                <line number="57" hits="1" branch="false" />
              </lines>
            </method>
            <method name="get_NombreUno" signature="()" line-rate="0" branch-rate="1" complexity="1">
              <lines>
                <line number="59" hits="0" branch="false" />
              </lines>
            </method>
            <method name="get_NombreDos" signature="()" line-rate="0" branch-rate="1" complexity="1">
              <lines>
                <line number="60" hits="0" branch="false" />
              </lines>
            </method>
            <method name="get_TurnoJuego" signature="()" line-rate="1" branch-rate="1" complexity="1">
              <lines>
                <line number="61" hits="3" branch="false" />
              </lines>
            </method>
            <method name="get_Mazo" signature="()" line-rate="1" branch-rate="1" complexity="1">
              <lines>
                <line number="62" hits="2" branch="false" />
              </lines>
            </method>
            <method name="get_MazoAux" signature="()" line-rate="1" branch-rate="1" complexity="1">
              <lines>
                <line number="63" hits="1" branch="false" />
              </lines>
            </method>
            <method name="get_TipoPartida" signature="()" line-rate="0" branch-rate="1" complexity="1">
              <lines>
                <line number="64" hits="0" branch="false" />
              </lines>
            </method>
            <method name="get_CantidadManos" signature="()" line-rate="1" branch-rate="1" complexity="1">
              <lines>
                <line number="65" hits="2" branch="false" />
              </lines>
            </method>
            <method name="get_Carta" signature="()" line-rate="0" branch-rate="1" complexity="1">
              <lines>
                <line number="69" hits="0" branch="false" />
              </lines>
            </method>
            <method name="set_Carta" signature="(...)" line-rate="0" branch-rate="1" complexity="1">
              <lines>
                <line number="71" hits="0" branch="false" />
                <line number="72" hits="0" branch="false" />
              </lines>
            </method>
            <method name="EmpezarPartida" signature="()" line-rate="1" branch-rate="1" complexity="1">
              <lines>
                <line number="76" hits="1" branch="false" />
                <line number="77" hits="1" branch="false" />
                <line number="78" hits="1" branch="false" />
                <line number="81" hits="1" branch="false" />
                <line number="82" hits="1" branch="false" />
                <line number="83" hits="1" branch="false" />
                <line number="84" hits="1" branch="false" />
              </lines>
            </method>
            <method name="AnalizarTurnos" signature="()" line-rate="0.32258064516129" branch-rate="0.3" complexity="10">
              <lines>
                <line number="87" hits="2" branch="false" />
                <line number="88" hits="2" branch="true" condition-coverage="50% (1/2)" />
                <line number="89" hits="2" branch="false" />
                <line number="90" hits="2" branch="false" />
                <line number="91" hits="2" branch="true" condition-coverage="50% (1/2)" />
                <line number="92" hits="0" branch="false" />
                <line number="93" hits="0" branch="false" />
                <line number="94" hits="0" branch="false" />
                <line number="96" hits="2" branch="false" />
                <line number="97" hits="2" branch="true" condition-coverage="50% (1/2)" />
                <line number="98" hits="0" branch="false" />
                <line number="99" hits="0" branch="false" />
                <line number="100" hits="0" branch="false" />
                <line number="101" hits="2" branch="false" />
                <line number="102" hits="2" branch="false" />
                <line number="104" hits="0" branch="false" />
                <line number="105" hits="0" branch="true" condition-coverage="0% (0/2)" />
                <line number="106" hits="0" branch="false" />
                <line number="107" hits="0" branch="false" />
                <line number="108" hits="0" branch="false" />
                <line number="110" hits="0" branch="false" />
                <line number="111" hits="0" branch="true" condition-coverage="0% (0/2)" />
                <line number="112" hits="0" branch="false" />
                <line number="113" hits="0" branch="false" />
                <line number="114" hits="0" branch="false" />
                <line number="116" hits="0" branch="false" />
                <line number="117" hits="0" branch="false" />
                <line number="118" hits="0" branch="false" />
                <line number="119" hits="0" branch="false" />
                <line number="120" hits="0" branch="false" />
                <line number="121" hits="2" branch="false" />
              </lines>
            </method>
            <method name="JugarPartida" signature="()" line-rate="0.5" branch-rate="0.461538461538462" complexity="26">
              <lines>
                <line number="124" hits="2" branch="false" />
                <line number="125" hits="2" branch="true" condition-coverage="100% (2/2)" />
                <line number="126" hits="1" branch="false" />
                <line number="127" hits="1" branch="true" condition-coverage="50% (2/4)" />
                <line number="128" hits="0" branch="false" />
                <line number="129" hits="0" branch="true" condition-coverage="0% (0/2)" />
                <line number="130" hits="0" branch="false" />
                <line number="131" hits="0" branch="false" />
                <line number="132" hits="0" branch="false" />
                <line number="133" hits="0" branch="true" condition-coverage="0% (0/2)" />
                <line number="134" hits="0" branch="false" />
                <line number="135" hits="0" branch="false" />
                <line number="136" hits="0" branch="false" />
                <line number="137" hits="0" branch="true" condition-coverage="0% (0/4)" />
                <line number="138" hits="0" branch="false" />
                <line number="139" hits="0" branch="false" />
                <line number="140" hits="0" branch="false" />
                <line number="141" hits="0" branch="false" />
                <line number="142" hits="1" branch="false" />
                <line number="143" hits="1" branch="false" />
                <line number="145" hits="1" branch="false" />
                <line number="146" hits="1" branch="true" condition-coverage="75% (3/4)" />
                <line number="147" hits="1" branch="false" />
                <line number="148" hits="1" branch="true" condition-coverage="50% (1/2)" />
                <line number="149" hits="0" branch="false" />
                <line number="150" hits="0" branch="false" />
                <line number="151" hits="0" branch="false" />
                <line number="152" hits="1" branch="true" condition-coverage="50% (1/2)" />
                <line number="153" hits="0" branch="false" />
                <line number="154" hits="0" branch="false" />
                <line number="155" hits="0" branch="false" />
                <line number="156" hits="1" branch="true" condition-coverage="75% (3/4)" />
                <line number="157" hits="1" branch="false" />
                <line number="158" hits="1" branch="false" />
                <line number="159" hits="1" branch="false" />
                <line number="160" hits="1" branch="false" />
                <line number="161" hits="1" branch="false" />
                <line number="162" hits="1" branch="false" />
                <line number="163" hits="2" branch="false" />
                <line number="164" hits="2" branch="false" />
              </lines>
            </method>
            <method name="JugarMano" signature="(...)" line-rate="0.823529411764706" branch-rate="0.75" complexity="4">
              <lines>
                <line number="166" hits="2" branch="false" />
                <line number="167" hits="2" branch="false" />
                <line number="168" hits="2" branch="false" />
                <line number="169" hits="2" branch="true" condition-coverage="100% (2/2)" />
                <line number="170" hits="1" branch="false" />
                <line number="171" hits="1" branch="false" />
                <line number="172" hits="1" branch="true" condition-coverage="50% (1/2)" />
                <line number="173" hits="1" branch="false" />
                <line number="174" hits="1" branch="false" />
                <line number="175" hits="1" branch="false" />
                <line number="176" hits="1" branch="false" />
                <line number="178" hits="0" branch="false" />
                <line number="179" hits="0" branch="false" />
                <line number="180" hits="0" branch="false" />
                <line number="181" hits="1" branch="false" />
                <line number="182" hits="2" branch="false" />
                <line number="183" hits="2" branch="false" />
              </lines>
            </method>
            <method name="AnalizarCartaMesa" signature="(...)" line-rate="0.789473684210526" branch-rate="0.75" complexity="16">
              <lines>
                <line number="185" hits="2" branch="false" />
                <line number="186" hits="2" branch="false" />
                <line number="187" hits="2" branch="true" condition-coverage="83% (10/12)" />
                <line number="188" hits="2" branch="false" />
                <line number="189" hits="1" branch="false" />
                <line number="190" hits="1" branch="false" />
                <line number="191" hits="1" branch="false" />
                <line number="193" hits="1" branch="false" />
                <line number="194" hits="1" branch="true" condition-coverage="50% (1/2)" />
                <line number="195" hits="0" branch="false" />
                <line number="196" hits="0" branch="false" />
                <line number="197" hits="0" branch="false" />
                <line number="199" hits="1" branch="false" />
                <line number="200" hits="1" branch="true" condition-coverage="50% (1/2)" />
                <line number="201" hits="0" branch="false" />
                <line number="202" hits="1" branch="false" />
                <line number="203" hits="1" branch="false" />
                <line number="204" hits="2" branch="false" />
                <line number="205" hits="2" branch="false" />
              </lines>
            </method>
            <method name="CambiarTurno" signature="()" line-rate="1" branch-rate="1" complexity="2">
              <lines>
                <line number="208" hits="3" branch="false" />
                <line number="209" hits="3" branch="true" condition-coverage="100% (2/2)" />
                <line number="210" hits="2" branch="false" />
                <line number="212" hits="1" branch="false" />
                <line number="213" hits="3" branch="false" />
              </lines>
            </method>
            <method name="TirarCarta" signature="(...)" line-rate="0.666666666666667" branch-rate="0.666666666666667" complexity="24">
              <lines>
                <line number="216" hits="1" branch="false" />
                <line number="217" hits="1" branch="false" />
                <line number="218" hits="1" branch="true" condition-coverage="50% (1/2)" />
                <line number="219" hits="1" branch="false" />
                <line number="220" hits="17" branch="true" condition-coverage="100% (2/2)" />
                <line number="221" hits="7" branch="false" />
                <line number="222" hits="7" branch="true" condition-coverage="50% (3/6)" />
                <line number="223" hits="0" branch="false" />
                <line number="224" hits="0" branch="false" />
                <line number="225" hits="0" branch="false" />
                <line number="228" hits="7" branch="false" />
                <line number="229" hits="7" branch="true" condition-coverage="88% (7/8)" />
                <line number="230" hits="7" branch="false" />
                <line number="231" hits="1" branch="false" />
                <line number="232" hits="1" branch="false" />
                <line number="233" hits="1" branch="false" />
                <line number="235" hits="6" branch="false" />
                <line number="236" hits="6" branch="true" condition-coverage="50% (2/4)" />
                <line number="237" hits="0" branch="false" />
                <line number="238" hits="0" branch="false" />
                <line number="239" hits="0" branch="false" />
                <line number="241" hits="6" branch="false" />
                <line number="242" hits="6" branch="true" condition-coverage="50% (1/2)" />
                <line number="243" hits="0" branch="false" />
                <line number="244" hits="0" branch="false" />
                <line number="245" hits="0" branch="false" />
                <line number="246" hits="6" branch="false" />
                <line number="247" hits="6" branch="false" />
                <line number="248" hits="7" branch="false" />
                <line number="249" hits="7" branch="false" />
                <line number="250" hits="1" branch="false" />
                <line number="252" hits="0" branch="false" />
                <line number="253" hits="0" branch="false" />
                <line number="254" hits="0" branch="false" />
                <line number="255" hits="1" branch="false" />
                <line number="256" hits="1" branch="false" />
              </lines>
            </method>
            <method name="RecibirMasDos" signature="(...)" line-rate="1" branch-rate="1" complexity="2">
              <lines>
                <line number="259" hits="1" branch="false" />
                <line number="260" hits="6" branch="true" condition-coverage="100% (2/2)" />
                <line number="261" hits="2" branch="false" />
                <line number="262" hits="2" branch="false" />
                <line number="263" hits="2" branch="false" />
                <line number="264" hits="2" branch="false" />
                <line number="265" hits="2" branch="false" />
                <line number="266" hits="1" branch="false" />
              </lines>
            </method>
            <method name="RecibirMasCuatro" signature="(...)" line-rate="0" branch-rate="0" complexity="2">
              <lines>
                <line number="269" hits="0" branch="false" />
                <line number="270" hits="0" branch="true" condition-coverage="0% (0/2)" />
                <line number="271" hits="0" branch="false" />
                <line number="272" hits="0" branch="false" />
                <line number="273" hits="0" branch="false" />
                <line number="274" hits="0" branch="false" />
                <line number="275" hits="0" branch="false" />
                <line number="276" hits="0" branch="false" />
              </lines>
            </method>
            <method name="RecibirCambioColor" signature="(...)" line-rate="0" branch-rate="0" complexity="28">
              <lines>
                <line number="280" hits="0" branch="false" />
                <line number="281" hits="0" branch="false" />
                <line number="282" hits="0" branch="false" />
                <line number="284" hits="0" branch="true" condition-coverage="0% (0/2)" />
                <line number="285" hits="0" branch="false" />
                <line number="286" hits="0" branch="true" condition-coverage="0% (0/2)" />
                <line number="287" hits="0" branch="false" />
                <line number="288" hits="0" branch="true" condition-coverage="0% (0/6)" />
                <line number="289" hits="0" branch="false" />
                <line number="290" hits="0" branch="false" />
                <line number="291" hits="0" branch="false" />
                <line number="294" hits="0" branch="false" />
                <line number="295" hits="0" branch="true" condition-coverage="0% (0/4)" />
                <line number="296" hits="0" branch="false" />
                <line number="297" hits="0" branch="false" />
                <line number="298" hits="0" branch="false" />
                <line number="300" hits="0" branch="false" />
                <line number="301" hits="0" branch="true" condition-coverage="0% (0/4)" />
                <line number="302" hits="0" branch="false" />
                <line number="303" hits="0" branch="false" />
                <line number="304" hits="0" branch="false" />
                <line number="305" hits="0" branch="false" />
                <line number="306" hits="0" branch="false" />
                <line number="307" hits="0" branch="false" />
                <line number="308" hits="0" branch="false" />
                <line number="310" hits="0" branch="false" />
                <line number="311" hits="0" branch="true" condition-coverage="0% (0/2)" />
                <line number="312" hits="0" branch="false" />
                <line number="313" hits="0" branch="true" condition-coverage="0% (0/4)" />
                <line number="314" hits="0" branch="false" />
                <line number="315" hits="0" branch="false" />
                <line number="316" hits="0" branch="false" />
                <line number="319" hits="0" branch="false" />
                <line number="320" hits="0" branch="true" condition-coverage="0% (0/2)" />
                <line number="321" hits="0" branch="false" />
                <line number="322" hits="0" branch="false" />
                <line number="323" hits="0" branch="false" />
                <line number="325" hits="0" branch="false" />
                <line number="326" hits="0" branch="true" condition-coverage="0% (0/2)" />
                <line number="327" hits="0" branch="false" />
                <line number="328" hits="0" branch="false" />
                <line number="329" hits="0" branch="false" />
                <line number="330" hits="0" branch="false" />
                <line number="331" hits="0" branch="false" />
                <line number="332" hits="0" branch="false" />
                <line number="333" hits="0" branch="false" />
                <line number="334" hits="0" branch="false" />
                <line number="335" hits="0" branch="false" />
              </lines>
            </method>
            <method name="ElejirColor" signature="(...)" line-rate="0" branch-rate="0" complexity="10">
              <lines>
                <line number="339" hits="0" branch="false" />
                <line number="340" hits="0" branch="false" />
                <line number="341" hits="0" branch="false" />
                <line number="342" hits="0" branch="false" />
                <line number="343" hits="0" branch="false" />
                <line number="344" hits="0" branch="false" />
                <line number="346" hits="0" branch="true" condition-coverage="0% (0/2)" />
                <line number="347" hits="0" branch="false" />
                <line number="348" hits="0" branch="true" condition-coverage="0% (0/8)" />
                <line number="351" hits="0" branch="false" />
                <line number="352" hits="0" branch="false" />
                <line number="354" hits="0" branch="false" />
                <line number="355" hits="0" branch="false" />
                <line number="357" hits="0" branch="false" />
                <line number="358" hits="0" branch="false" />
                <line number="360" hits="0" branch="false" />
                <line number="361" hits="0" branch="false" />
                <line number="363" hits="0" branch="false" />
                <line number="364" hits="0" branch="false" />
                <line number="365" hits="0" branch="false" />
                <line number="366" hits="0" branch="false" />
              </lines>
            </method>
            <method name="CompararColores" signature="(...)" line-rate="0" branch-rate="0" complexity="30">
              <lines>
                <line number="370" hits="0" branch="false" />
                <line number="371" hits="0" branch="false" />
                <line number="372" hits="0" branch="true" condition-coverage="0% (0/6)" />
                <line number="373" hits="0" branch="false" />
                <line number="374" hits="0" branch="true" condition-coverage="0% (0/6)" />
                <line number="375" hits="0" branch="false" />
                <line number="376" hits="0" branch="false" />
                <line number="377" hits="0" branch="false" />
                <line number="378" hits="0" branch="true" condition-coverage="0% (0/6)" />
                <line number="379" hits="0" branch="false" />
                <line number="380" hits="0" branch="false" />
                <line number="381" hits="0" branch="false" />
                <line number="382" hits="0" branch="true" condition-coverage="0% (0/6)" />
                <line number="383" hits="0" branch="false" />
                <line number="384" hits="0" branch="false" />
                <line number="385" hits="0" branch="false" />
                <line number="386" hits="0" branch="true" condition-coverage="0% (0/6)" />
                <line number="387" hits="0" branch="false" />
                <line number="388" hits="0" branch="false" />
                <line number="389" hits="0" branch="false" />
                <line number="390" hits="0" branch="false" />
                <line number="391" hits="0" branch="false" />
                <line number="392" hits="0" branch="false" />
              </lines>
            </method>
            <method name="RepartirCartas" signature="()" line-rate="1" branch-rate="1" complexity="1">
              <lines>
                <line number="396" hits="1" branch="false" />
                <line number="397" hits="1" branch="false" />
                <line number="398" hits="1" branch="false" />
                <line number="399" hits="1" branch="false" />
                <line number="400" hits="1" branch="false" />
                <line number="401" hits="1" branch="false" />
              </lines>
            </method>
            <method name="CrearMano" signature="()" line-rate="1" branch-rate="1" complexity="2">
              <lines>
                <line number="404" hits="2" branch="false" />
                <line number="405" hits="2" branch="false" />
                <line number="407" hits="32" branch="true" condition-coverage="100% (2/2)" />
                <line number="408" hits="14" branch="false" />
                <line number="409" hits="14" branch="false" />
                <line number="410" hits="14" branch="false" />
                <line number="412" hits="2" branch="false" />
                <line number="413" hits="2" branch="false" />
              </lines>
            </method>
            <method name="SacarCarta" signature="()" line-rate="0.615384615384615" branch-rate="0.5" complexity="2">
              <lines>
                <line number="415" hits="17" branch="false" />
                <line number="417" hits="17" branch="false" />
                <line number="419" hits="17" branch="false" />
                <line number="420" hits="17" branch="true" condition-coverage="50% (1/2)" />
                <line number="421" hits="0" branch="false" />
                <line number="422" hits="0" branch="false" />
                <line number="423" hits="0" branch="false" />
                <line number="424" hits="0" branch="false" />
                <line number="425" hits="0" branch="false" />
                <line number="426" hits="17" branch="false" />
                <line number="427" hits="17" branch="false" />
                <line number="429" hits="17" branch="false" />
                <line number="430" hits="17" branch="false" />
              </lines>
            </method>
            <method name=".ctor" signature="(...)" line-rate="1" branch-rate="1" complexity="1">
              <lines>
                <line number="27" hits="26" branch="false" />
                <line number="28" hits="26" branch="false" />
                <line number="29" hits="26" branch="false" />
                <line number="30" hits="26" branch="false" />
                <line number="31" hits="26" branch="false" />
                <line number="32" hits="26" branch="false" />
                <line number="33" hits="26" branch="false" />
                <line number="34" hits="26" branch="false" />
                <line number="35" hits="26" branch="false" />
                <line number="36" hits="26" branch="false" />
                <line number="37" hits="26" branch="false" />
                <line number="38" hits="26" branch="false" />
                <line number="39" hits="26" branch="false" />
                <line number="40" hits="26" branch="false" />
                <line number="41" hits="26" branch="false" />
                <line number="42" hits="26" branch="false" />
              </lines>
            </method>
            <method name=".ctor" signature="(...)" line-rate="1" branch-rate="1" complexity="1">
              <lines>
                <line number="44" hits="25" branch="false" />
                <line number="45" hits="25" branch="false" />
                <line number="46" hits="25" branch="false" />
                <line number="47" hits="25" branch="false" />
              </lines>
            </method>
          </methods>
          <lines>
            <line number="27" hits="26" branch="false" />
            <line number="28" hits="26" branch="false" />
            <line number="29" hits="26" branch="false" />
            <line number="30" hits="26" branch="false" />
            <line number="31" hits="26" branch="false" />
            <line number="32" hits="26" branch="false" />
            <line number="33" hits="26" branch="false" />
            <line number="34" hits="26" branch="false" />
            <line number="35" hits="26" branch="false" />
            <line number="36" hits="26" branch="false" />
            <line number="37" hits="26" branch="false" />
            <line number="38" hits="26" branch="false" />
            <line number="39" hits="26" branch="false" />
            <line number="40" hits="26" branch="false" />
            <line number="41" hits="26" branch="false" />
            <line number="42" hits="26" branch="false" />
            <line number="44" hits="25" branch="false" />
            <line number="45" hits="25" branch="false" />
            <line number="46" hits="25" branch="false" />
            <line number="47" hits="25" branch="false" />
            <line number="49" hits="0" branch="false" />
            <line number="51" hits="5" branch="false" />
            <line number="53" hits="2" branch="false" />
            <line number="54" hits="14" branch="false" />
            <line number="55" hits="1" branch="false" />
            <line number="56" hits="1" branch="false" />
            <line number="57" hits="1" branch="false" />
            <line number="59" hits="0" branch="false" />
            <line number="60" hits="0" branch="false" />
            <line number="61" hits="3" branch="false" />
            <line number="62" hits="2" branch="false" />
            <line number="63" hits="1" branch="false" />
            <line number="64" hits="0" branch="false" />
            <line number="65" hits="2" branch="false" />
            <line number="69" hits="0" branch="false" />
            <line number="71" hits="0" branch="false" />
            <line number="72" hits="0" branch="false" />
            <line number="76" hits="1" branch="false" />
            <line number="77" hits="1" branch="false" />
            <line number="78" hits="1" branch="false" />
            <line number="81" hits="1" branch="false" />
            <line number="82" hits="1" branch="false" />
            <line number="83" hits="1" branch="false" />
            <line number="84" hits="1" branch="false" />
            <line number="87" hits="2" branch="false" />
            <line number="88" hits="2" branch="true" condition-coverage="50% (1/2)" />
            <line number="89" hits="2" branch="false" />
            <line number="90" hits="2" branch="false" />
            <line number="91" hits="2" branch="true" condition-coverage="50% (1/2)" />
            <line number="92" hits="0" branch="false" />
            <line number="93" hits="0" branch="false" />
            <line number="94" hits="0" branch="false" />
            <line number="96" hits="2" branch="false" />
            <line number="97" hits="2" branch="true" condition-coverage="50% (1/2)" />
            <line number="98" hits="0" branch="false" />
            <line number="99" hits="0" branch="false" />
            <line number="100" hits="0" branch="false" />
            <line number="101" hits="2" branch="false" />
            <line number="102" hits="2" branch="false" />
            <line number="104" hits="0" branch="false" />
            <line number="105" hits="0" branch="true" condition-coverage="0% (0/2)" />
            <line number="106" hits="0" branch="false" />
            <line number="107" hits="0" branch="false" />
            <line number="108" hits="0" branch="false" />
            <line number="110" hits="0" branch="false" />
            <line number="111" hits="0" branch="true" condition-coverage="0% (0/2)" />
            <line number="112" hits="0" branch="false" />
            <line number="113" hits="0" branch="false" />
            <line number="114" hits="0" branch="false" />
            <line number="116" hits="0" branch="false" />
            <line number="117" hits="0" branch="false" />
            <line number="118" hits="0" branch="false" />
            <line number="119" hits="0" branch="false" />
            <line number="120" hits="0" branch="false" />
            <line number="121" hits="2" branch="false" />
            <line number="124" hits="2" branch="false" />
            <line number="125" hits="2" branch="true" condition-coverage="100% (2/2)" />
            <line number="126" hits="1" branch="false" />
            <line number="127" hits="1" branch="true" condition-coverage="50% (2/4)" />
            <line number="128" hits="0" branch="false" />
            <line number="129" hits="0" branch="true" condition-coverage="0% (0/2)" />
            <line number="130" hits="0" branch="false" />
            <line number="131" hits="0" branch="false" />
            <line number="132" hits="0" branch="false" />
            <line number="133" hits="0" branch="true" condition-coverage="0% (0/2)" />
            <line number="134" hits="0" branch="false" />
            <line number="135" hits="0" branch="false" />
            <line number="136" hits="0" branch="false" />
            <line number="137" hits="0" branch="true" condition-coverage="0% (0/4)" />
            <line number="138" hits="0" branch="false" />
            <line number="139" hits="0" branch="false" />
            <line number="140" hits="0" branch="false" />
            <line number="141" hits="0" branch="false" />
            <line number="142" hits="1" branch="false" />
            <line number="143" hits="1" branch="false" />
            <line number="145" hits="1" branch="false" />
            <line number="146" hits="1" branch="true" condition-coverage="75% (3/4)" />
            <line number="147" hits="1" branch="false" />
            <line number="148" hits="1" branch="true" condition-coverage="50% (1/2)" />
            <line number="149" hits="0" branch="false" />
            <line number="150" hits="0" branch="false" />
            <line number="151" hits="0" branch="false" />
            <line number="152" hits="1" branch="true" condition-coverage="50% (1/2)" />
            <line number="153" hits="0" branch="false" />
            <line number="154" hits="0" branch="false" />
            <line number="155" hits="0" branch="false" />
            <line number="156" hits="1" branch="true" condition-coverage="75% (3/4)" />
            <line number="157" hits="1" branch="false" />
            <line number="158" hits="1" branch="false" />
            <line number="159" hits="1" branch="false" />
            <line number="160" hits="1" branch="false" />
            <line number="161" hits="1" branch="false" />
            <line number="162" hits="1" branch="false" />
            <line number="163" hits="2" branch="false" />
            <line number="164" hits="2" branch="false" />
            <line number="166" hits="2" branch="false" />
            <line number="167" hits="2" branch="false" />
            <line number="168" hits="2" branch="false" />
            <line number="169" hits="2" branch="true" condition-coverage="100% (2/2)" />
            <line number="170" hits="1" branch="false" />
            <line number="171" hits="1" branch="false" />
            <line number="172" hits="1" branch="true" condition-coverage="50% (1/2)" />
            <line number="173" hits="1" branch="false" />
            <line number="174" hits="1" branch="false" />
            <line number="175" hits="1" branch="false" />
            <line number="176" hits="1" branch="false" />
            <line number="178" hits="0" branch="false" />
            <line number="179" hits="0" branch="false" />
            <line number="180" hits="0" branch="false" />
            <line number="181" hits="1" branch="false" />
            <line number="182" hits="2" branch="false" />
            <line number="183" hits="2" branch="false" />
            <line number="185" hits="2" branch="false" />
            <line number="186" hits="2" branch="false" />
            <line number="187" hits="2" branch="true" condition-coverage="83% (10/12)" />
            <line number="188" hits="2" branch="false" />
            <line number="189" hits="1" branch="false" />
            <line number="190" hits="1" branch="false" />
            <line number="191" hits="1" branch="false" />
            <line number="193" hits="1" branch="false" />
            <line number="194" hits="1" branch="true" condition-coverage="50% (1/2)" />
            <line number="195" hits="0" branch="false" />
            <line number="196" hits="0" branch="false" />
            <line number="197" hits="0" branch="false" />
            <line number="199" hits="1" branch="false" />
            <line number="200" hits="1" branch="true" condition-coverage="50% (1/2)" />
            <line number="201" hits="0" branch="false" />
            <line number="202" hits="1" branch="false" />
            <line number="203" hits="1" branch="false" />
            <line number="204" hits="2" branch="false" />
            <line number="205" hits="2" branch="false" />
            <line number="208" hits="3" branch="false" />
            <line number="209" hits="3" branch="true" condition-coverage="100% (2/2)" />
            <line number="210" hits="2" branch="false" />
            <line number="212" hits="1" branch="false" />
            <line number="213" hits="3" branch="false" />
            <line number="216" hits="1" branch="false" />
            <line number="217" hits="1" branch="false" />
            <line number="218" hits="1" branch="true" condition-coverage="50% (1/2)" />
            <line number="219" hits="1" branch="false" />
            <line number="220" hits="17" branch="true" condition-coverage="100% (2/2)" />
            <line number="221" hits="7" branch="false" />
            <line number="222" hits="7" branch="true" condition-coverage="50% (3/6)" />
            <line number="223" hits="0" branch="false" />
            <line number="224" hits="0" branch="false" />
            <line number="225" hits="0" branch="false" />
            <line number="228" hits="7" branch="false" />
            <line number="229" hits="7" branch="true" condition-coverage="88% (7/8)" />
            <line number="230" hits="7" branch="false" />
            <line number="231" hits="1" branch="false" />
            <line number="232" hits="1" branch="false" />
            <line number="233" hits="1" branch="false" />
            <line number="235" hits="6" branch="false" />
            <line number="236" hits="6" branch="true" condition-coverage="50% (2/4)" />
            <line number="237" hits="0" branch="false" />
            <line number="238" hits="0" branch="false" />
            <line number="239" hits="0" branch="false" />
            <line number="241" hits="6" branch="false" />
            <line number="242" hits="6" branch="true" condition-coverage="50% (1/2)" />
            <line number="243" hits="0" branch="false" />
            <line number="244" hits="0" branch="false" />
            <line number="245" hits="0" branch="false" />
            <line number="246" hits="6" branch="false" />
            <line number="247" hits="6" branch="false" />
            <line number="248" hits="7" branch="false" />
            <line number="249" hits="7" branch="false" />
            <line number="250" hits="1" branch="false" />
            <line number="252" hits="0" branch="false" />
            <line number="253" hits="0" branch="false" />
            <line number="254" hits="0" branch="false" />
            <line number="255" hits="1" branch="false" />
            <line number="256" hits="1" branch="false" />
            <line number="259" hits="1" branch="false" />
            <line number="260" hits="6" branch="true" condition-coverage="100% (2/2)" />
            <line number="261" hits="2" branch="false" />
            <line number="262" hits="2" branch="false" />
            <line number="263" hits="2" branch="false" />
            <line number="264" hits="2" branch="false" />
            <line number="265" hits="2" branch="false" />
            <line number="266" hits="1" branch="false" />
            <line number="269" hits="0" branch="false" />
            <line number="270" hits="0" branch="true" condition-coverage="0% (0/2)" />
            <line number="271" hits="0" branch="false" />
            <line number="272" hits="0" branch="false" />
            <line number="273" hits="0" branch="false" />
            <line number="274" hits="0" branch="false" />
            <line number="275" hits="0" branch="false" />
            <line number="276" hits="0" branch="false" />
            <line number="280" hits="0" branch="false" />
            <line number="281" hits="0" branch="false" />
            <line number="282" hits="0" branch="false" />
            <line number="284" hits="0" branch="true" condition-coverage="0% (0/2)" />
            <line number="285" hits="0" branch="false" />
            <line number="286" hits="0" branch="true" condition-coverage="0% (0/2)" />
            <line number="287" hits="0" branch="false" />
            <line number="288" hits="0" branch="true" condition-coverage="0% (0/6)" />
            <line number="289" hits="0" branch="false" />
            <line number="290" hits="0" branch="false" />
            <line number="291" hits="0" branch="false" />
            <line number="294" hits="0" branch="false" />
            <line number="295" hits="0" branch="true" condition-coverage="0% (0/4)" />
            <line number="296" hits="0" branch="false" />
            <line number="297" hits="0" branch="false" />
            <line number="298" hits="0" branch="false" />
            <line number="300" hits="0" branch="false" />
            <line number="301" hits="0" branch="true" condition-coverage="0% (0/4)" />
            <line number="302" hits="0" branch="false" />
            <line number="303" hits="0" branch="false" />
            <line number="304" hits="0" branch="false" />
            <line number="305" hits="0" branch="false" />
            <line number="306" hits="0" branch="false" />
            <line number="307" hits="0" branch="false" />
            <line number="308" hits="0" branch="false" />
            <line number="310" hits="0" branch="false" />
            <line number="311" hits="0" branch="true" condition-coverage="0% (0/2)" />
            <line number="312" hits="0" branch="false" />
            <line number="313" hits="0" branch="true" condition-coverage="0% (0/4)" />
            <line number="314" hits="0" branch="false" />
            <line number="315" hits="0" branch="false" />
            <line number="316" hits="0" branch="false" />
            <line number="319" hits="0" branch="false" />
            <line number="320" hits="0" branch="true" condition-coverage="0% (0/2)" />
            <line number="321" hits="0" branch="false" />
            <line number="322" hits="0" branch="false" />
            <line number="323" hits="0" branch="false" />
            <line number="325" hits="0" branch="false" />
            <line number="326" hits="0" branch="true" condition-coverage="0% (0/2)" />
            <line number="327" hits="0" branch="false" />
            <line number="328" hits="0" branch="false" />
            <line number="329" hits="0" branch="false" />
            <line number="330" hits="0" branch="false" />
            <line number="331" hits="0" branch="false" />
            <line number="332" hits="0" branch="false" />
            <line number="333" hits="0" branch="false" />
            <line number="334" hits="0" branch="false" />
            <line number="335" hits="0" branch="false" />
            <line number="339" hits="0" branch="false" />
            <line number="340" hits="0" branch="false" />
            <line number="341" hits="0" branch="false" />
            <line number="342" hits="0" branch="false" />
            <line number="343" hits="0" branch="false" />
            <line number="344" hits="0" branch="false" />
            <line number="346" hits="0" branch="true" condition-coverage="0% (0/2)" />
            <line number="347" hits="0" branch="false" />
            <line number="348" hits="0" branch="true" condition-coverage="0% (0/8)" />
            <line number="351" hits="0" branch="false" />
            <line number="352" hits="0" branch="false" />
            <line number="354" hits="0" branch="false" />
            <line number="355" hits="0" branch="false" />
            <line number="357" hits="0" branch="false" />
            <line number="358" hits="0" branch="false" />
            <line number="360" hits="0" branch="false" />
            <line number="361" hits="0" branch="false" />
            <line number="363" hits="0" branch="false" />
            <line number="364" hits="0" branch="false" />
            <line number="365" hits="0" branch="false" />
            <line number="366" hits="0" branch="false" />
            <line number="370" hits="0" branch="false" />
            <line number="371" hits="0" branch="false" />
            <line number="372" hits="0" branch="true" condition-coverage="0% (0/6)" />
            <line number="373" hits="0" branch="false" />
            <line number="374" hits="0" branch="true" condition-coverage="0% (0/6)" />
            <line number="375" hits="0" branch="false" />
            <line number="376" hits="0" branch="false" />
            <line number="377" hits="0" branch="false" />
            <line number="378" hits="0" branch="true" condition-coverage="0% (0/6)" />
            <line number="379" hits="0" branch="false" />
            <line number="380" hits="0" branch="false" />
            <line number="381" hits="0" branch="false" />
            <line number="382" hits="0" branch="true" condition-coverage="0% (0/6)" />
            <line number="383" hits="0" branch="false" />
            <line number="384" hits="0" branch="false" />
            <line number="385" hits="0" branch="false" />
            <line number="386" hits="0" branch="true" condition-coverage="0% (0/6)" />
            <line number="387" hits="0" branch="false" />
            <line number="388" hits="0" branch="false" />
            <line number="389" hits="0" branch="false" />
            <line number="390" hits="0" branch="false" />
            <line number="391" hits="0" branch="false" />
            <line number="392" hits="0" branch="false" />
            <line number="396" hits="1" branch="false" />
            <line number="397" hits="1" branch="false" />
            <line number="398" hits="1" branch="false" />
            <line number="399" hits="1" branch="false" />
            <line number="400" hits="1" branch="false" />
            <line number="401" hits="1" branch="false" />
            <line number="404" hits="2" branch="false" />
            <line number="405" hits="2" branch="false" />
            <line number="407" hits="32" branch="true" condition-coverage="100% (2/2)" />
            <line number="408" hits="14" branch="false" />
            <line number="409" hits="14" branch="false" />
            <line number="410" hits="14" branch="false" />
            <line number="412" hits="2" branch="false" />
            <line number="413" hits="2" branch="false" />
            <line number="415" hits="17" branch="false" />
            <line number="417" hits="17" branch="false" />
            <line number="419" hits="17" branch="false" />
            <line number="420" hits="17" branch="true" condition-coverage="50% (1/2)" />
            <line number="421" hits="0" branch="false" />
            <line number="422" hits="0" branch="false" />
            <line number="423" hits="0" branch="false" />
            <line number="424" hits="0" branch="false" />
            <line number="425" hits="0" branch="false" />
            <line number="426" hits="17" branch="false" />
            <line number="427" hits="17" branch="false" />
            <line number="429" hits="17" branch="false" />
            <line number="430" hits="17" branch="false" />
          </lines>
        </class>
        <class name="Entidades.Modelos.Persona" filename="C:\Users\gpnic\Desktop\Gil.Nicolas.David.TP2\Entidades\Modelos\Persona.cs" line-rate="0.636363636363636" branch-rate="1" complexity="5">
          <methods>
            <method name="get_Nombre" signature="()" line-rate="0" branch-rate="1" complexity="1">
              <lines>
                <line number="26" hits="0" branch="false" />
              </lines>
            </method>
            <method name="get_Edad" signature="()" line-rate="0" branch-rate="1" complexity="1">
              <lines>
                <line number="30" hits="0" branch="false" />
              </lines>
            </method>
            <method name="get_Documento" signature="()" line-rate="0" branch-rate="1" complexity="1">
              <lines>
                <line number="34" hits="0" branch="false" />
              </lines>
            </method>
            <method name="get_Nacionalidad" signature="()" line-rate="0" branch-rate="1" complexity="1">
              <lines>
                <line number="37" hits="0" branch="false" />
              </lines>
            </method>
            <method name=".ctor" signature="(...)" line-rate="1" branch-rate="1" complexity="1">
              <lines>
                <line number="16" hits="1238" branch="false" />
                <line number="17" hits="1238" branch="false" />
                <line number="18" hits="1238" branch="false" />
                <line number="19" hits="1238" branch="false" />
                <line number="20" hits="1238" branch="false" />
                <line number="21" hits="1238" branch="false" />
                <line number="22" hits="1238" branch="false" />
              </lines>
            </method>
          </methods>
          <lines>
            <line number="16" hits="1238" branch="false" />
            <line number="17" hits="1238" branch="false" />
            <line number="18" hits="1238" branch="false" />
            <line number="19" hits="1238" branch="false" />
            <line number="20" hits="1238" branch="false" />
            <line number="21" hits="1238" branch="false" />
            <line number="22" hits="1238" branch="false" />
            <line number="26" hits="0" branch="false" />
            <line number="30" hits="0" branch="false" />
            <line number="34" hits="0" branch="false" />
            <line number="37" hits="0" branch="false" />
          </lines>
        </class>
        <class name="Entidades.Modelos.Usuario" filename="C:\Users\gpnic\Desktop\Gil.Nicolas.David.TP2\Entidades\Modelos\Usuario.cs" line-rate="0.464285714285714" branch-rate="1" complexity="15">
          <methods>
            <method name="get_NombreUsuario" signature="()" line-rate="1" branch-rate="1" complexity="1">
              <lines>
                <line number="38" hits="2200" branch="false" />
              </lines>
            </method>
            <method name="get_Contraseña" signature="()" line-rate="0" branch-rate="1" complexity="1">
              <lines>
                <line number="42" hits="0" branch="false" />
              </lines>
            </method>
            <method name="get_NivelAcceso" signature="()" line-rate="0" branch-rate="1" complexity="1">
              <lines>
                <line number="44" hits="0" branch="false" />
              </lines>
            </method>
            <method name="get_Puntaje" signature="()" line-rate="0" branch-rate="1" complexity="1">
              <lines>
                <line number="45" hits="0" branch="false" />
              </lines>
            </method>
            <method name="get_Victorias" signature="()" line-rate="0" branch-rate="1" complexity="1">
              <lines>
                <line number="46" hits="0" branch="false" />
              </lines>
            </method>
            <method name="get_Derrotas" signature="()" line-rate="0" branch-rate="1" complexity="1">
              <lines>
                <line number="47" hits="0" branch="false" />
              </lines>
            </method>
            <method name="get_EstadoCuenta" signature="()" line-rate="0" branch-rate="1" complexity="1">
              <lines>
                <line number="48" hits="0" branch="false" />
              </lines>
            </method>
            <method name="get_ManoJugador" signature="()" line-rate="1" branch-rate="1" complexity="1">
              <lines>
                <line number="50" hits="16" branch="false" />
              </lines>
            </method>
            <method name="get_PresentadorPrincipal" signature="()" line-rate="0" branch-rate="1" complexity="1">
              <lines>
                <line number="54" hits="0" branch="false" />
              </lines>
            </method>
            <method name="set_PresentadorPrincipal" signature="(...)" line-rate="0" branch-rate="1" complexity="1">
              <lines>
                <line number="56" hits="0" branch="false" />
                <line number="57" hits="0" branch="false" />
              </lines>
            </method>
            <method name="get_PresentadorUsuarios" signature="()" line-rate="0" branch-rate="1" complexity="1">
              <lines>
                <line number="62" hits="0" branch="false" />
              </lines>
            </method>
            <method name="set_PresentadorUsuarios" signature="(...)" line-rate="0" branch-rate="1" complexity="1">
              <lines>
                <line number="64" hits="0" branch="false" />
                <line number="65" hits="0" branch="false" />
              </lines>
            </method>
            <method name="get_PresentadorEstadisticas" signature="()" line-rate="0" branch-rate="1" complexity="1">
              <lines>
                <line number="70" hits="0" branch="false" />
              </lines>
            </method>
            <method name="set_PresentadorEstadisticas" signature="(...)" line-rate="0" branch-rate="1" complexity="1">
              <lines>
                <line number="72" hits="0" branch="false" />
                <line number="73" hits="0" branch="false" />
              </lines>
            </method>
            <method name=".ctor" signature="(...)" line-rate="1" branch-rate="1" complexity="1">
              <lines>
                <line number="23" hits="1238" branch="false" />
                <line number="24" hits="1238" branch="false" />
                <line number="25" hits="1238" branch="false" />
                <line number="26" hits="1238" branch="false" />
                <line number="27" hits="1238" branch="false" />
                <line number="28" hits="1238" branch="false" />
                <line number="29" hits="1238" branch="false" />
                <line number="30" hits="1238" branch="false" />
                <line number="31" hits="1238" branch="false" />
                <line number="32" hits="1238" branch="false" />
                <line number="33" hits="1238" branch="false" />
              </lines>
            </method>
          </methods>
          <lines>
            <line number="23" hits="1238" branch="false" />
            <line number="24" hits="1238" branch="false" />
            <line number="25" hits="1238" branch="false" />
            <line number="26" hits="1238" branch="false" />
            <line number="27" hits="1238" branch="false" />
            <line number="28" hits="1238" branch="false" />
            <line number="29" hits="1238" branch="false" />
            <line number="30" hits="1238" branch="false" />
            <line number="31" hits="1238" branch="false" />
            <line number="32" hits="1238" branch="false" />
            <line number="33" hits="1238" branch="false" />
            <line number="38" hits="2200" branch="false" />
            <line number="42" hits="0" branch="false" />
            <line number="44" hits="0" branch="false" />
            <line number="45" hits="0" branch="false" />
            <line number="46" hits="0" branch="false" />
            <line number="47" hits="0" branch="false" />
            <line number="48" hits="0" branch="false" />
            <line number="50" hits="16" branch="false" />
            <line number="54" hits="0" branch="false" />
            <line number="56" hits="0" branch="false" />
            <line number="57" hits="0" branch="false" />
            <line number="62" hits="0" branch="false" />
            <line number="64" hits="0" branch="false" />
            <line number="65" hits="0" branch="false" />
            <line number="70" hits="0" branch="false" />
            <line number="72" hits="0" branch="false" />
            <line number="73" hits="0" branch="false" />
          </lines>
        </class>
        <class name="Entidades.Presentadores.PresentadorDeJuego" filename="C:\Users\gpnic\Desktop\Gil.Nicolas.David.TP2\Entidades\Presentadores\PresentadorDeJuego.cs" line-rate="0" branch-rate="0" complexity="27">
          <methods>
            <method name="get_Match" signature="()" line-rate="0" branch-rate="1" complexity="1">
              <lines>
                <line number="23" hits="0" branch="false" />
              </lines>
            </method>
            <method name="get_Partida" signature="()" line-rate="0" branch-rate="1" complexity="1">
              <lines>
                <line number="27" hits="0" branch="false" />
              </lines>
            </method>
            <method name="set_Partida" signature="(...)" line-rate="0" branch-rate="1" complexity="1">
              <lines>
                <line number="29" hits="0" branch="false" />
                <line number="30" hits="0" branch="false" />
              </lines>
            </method>
            <method name="get_IVerPartida" signature="()" line-rate="0" branch-rate="1" complexity="1">
              <lines>
                <line number="35" hits="0" branch="false" />
              </lines>
            </method>
            <method name="set_IVerPartida" signature="(...)" line-rate="0" branch-rate="1" complexity="1">
              <lines>
                <line number="37" hits="0" branch="false" />
                <line number="38" hits="0" branch="false" />
              </lines>
            </method>
            <method name="IniciarPartida" signature="(...)" line-rate="0" branch-rate="0" complexity="4">
              <lines>
                <line number="47" hits="0" branch="false" />
                <line number="48" hits="0" branch="false" />
                <line number="49" hits="0" branch="false" />
                <line number="50" hits="0" branch="true" condition-coverage="0% (0/2)" />
                <line number="51" hits="0" branch="false" />
                <line number="52" hits="0" branch="true" condition-coverage="0% (0/2)" />
                <line number="53" hits="0" branch="false" />
                <line number="54" hits="0" branch="false" />
              </lines>
            </method>
            <method name="IniciarPartidaAdmin" signature="()" line-rate="0" branch-rate="0" complexity="14">
              <lines>
                <line number="57" hits="0" branch="false" />
                <line number="58" hits="0" branch="true" condition-coverage="0% (0/2)" />
                <line number="59" hits="0" branch="true" condition-coverage="0% (0/4)" />
                <line number="60" hits="0" branch="false" />
                <line number="61" hits="0" branch="false" />
                <line number="63" hits="0" branch="true" condition-coverage="0% (0/2)" />
                <line number="65" hits="0" branch="false" />
                <line number="66" hits="0" branch="false" />
                <line number="67" hits="0" branch="true" condition-coverage="0% (0/2)" />
                <line number="68" hits="0" branch="false" />
                <line number="69" hits="0" branch="false" />
                <line number="70" hits="0" branch="true" condition-coverage="0% (0/2)" />
                <line number="71" hits="0" branch="false" />
                <line number="72" hits="0" branch="false" />
                <line number="73" hits="0" branch="false" />
                <line number="74" hits="0" branch="false" />
                <line number="75" hits="0" branch="false" />
                <line number="76" hits="0" branch="false" />
                <line number="78" hits="0" branch="false" />
                <line number="79" hits="0" branch="false" />
                <line number="80" hits="0" branch="false" />
                <line number="81" hits="0" branch="false" />
                <line number="82" hits="0" branch="false" />
                <line number="83" hits="0" branch="false" />
                <line number="84" hits="0" branch="true" condition-coverage="0% (0/2)" />
                <line number="85" hits="0" branch="false" />
                <line number="86" hits="0" branch="false" />
                <line number="87" hits="0" branch="false" />
                <line number="88" hits="0" branch="false" />
              </lines>
            </method>
            <method name="GuardarPartida" signature="(...)" line-rate="0" branch-rate="1" complexity="1">
              <lines>
                <line number="91" hits="0" branch="false" />
                <line number="92" hits="0" branch="false" />
                <line number="93" hits="0" branch="false" />
              </lines>
            </method>
            <method name=".ctor" signature="()" line-rate="0" branch-rate="1" complexity="1">
              <lines>
                <line number="18" hits="0" branch="false" />
                <line number="19" hits="0" branch="false" />
                <line number="21" hits="0" branch="false" />
              </lines>
            </method>
            <method name="IniciarTarea" signature="()" line-rate="0" branch-rate="0" complexity="2">
              <lines>
                <line number="95" hits="0" branch="false" />
                <line number="96" hits="0" branch="true" condition-coverage="0% (0/2)" />
                <line number="97" hits="0" branch="false" />
              </lines>
            </method>
          </methods>
          <lines>
            <line number="18" hits="0" branch="false" />
            <line number="19" hits="0" branch="false" />
            <line number="21" hits="0" branch="false" />
            <line number="23" hits="0" branch="false" />
            <line number="27" hits="0" branch="false" />
            <line number="29" hits="0" branch="false" />
            <line number="30" hits="0" branch="false" />
            <line number="35" hits="0" branch="false" />
            <line number="37" hits="0" branch="false" />
            <line number="38" hits="0" branch="false" />
            <line number="47" hits="0" branch="false" />
            <line number="48" hits="0" branch="false" />
            <line number="49" hits="0" branch="false" />
            <line number="50" hits="0" branch="true" condition-coverage="0% (0/2)" />
            <line number="51" hits="0" branch="false" />
            <line number="52" hits="0" branch="true" condition-coverage="0% (0/2)" />
            <line number="53" hits="0" branch="false" />
            <line number="54" hits="0" branch="false" />
            <line number="57" hits="0" branch="false" />
            <line number="58" hits="0" branch="true" condition-coverage="0% (0/2)" />
            <line number="59" hits="0" branch="true" condition-coverage="0% (0/4)" />
            <line number="60" hits="0" branch="false" />
            <line number="61" hits="0" branch="false" />
            <line number="63" hits="0" branch="true" condition-coverage="0% (0/2)" />
            <line number="65" hits="0" branch="false" />
            <line number="66" hits="0" branch="false" />
            <line number="67" hits="0" branch="true" condition-coverage="0% (0/2)" />
            <line number="68" hits="0" branch="false" />
            <line number="69" hits="0" branch="false" />
            <line number="70" hits="0" branch="true" condition-coverage="0% (0/2)" />
            <line number="71" hits="0" branch="false" />
            <line number="72" hits="0" branch="false" />
            <line number="73" hits="0" branch="false" />
            <line number="74" hits="0" branch="false" />
            <line number="75" hits="0" branch="false" />
            <line number="76" hits="0" branch="false" />
            <line number="78" hits="0" branch="false" />
            <line number="79" hits="0" branch="false" />
            <line number="80" hits="0" branch="false" />
            <line number="81" hits="0" branch="false" />
            <line number="82" hits="0" branch="false" />
            <line number="83" hits="0" branch="false" />
            <line number="84" hits="0" branch="true" condition-coverage="0% (0/2)" />
            <line number="85" hits="0" branch="false" />
            <line number="86" hits="0" branch="false" />
            <line number="87" hits="0" branch="false" />
            <line number="88" hits="0" branch="false" />
            <line number="91" hits="0" branch="false" />
            <line number="92" hits="0" branch="false" />
            <line number="93" hits="0" branch="false" />
            <line number="95" hits="0" branch="false" />
            <line number="96" hits="0" branch="true" condition-coverage="0% (0/2)" />
            <line number="97" hits="0" branch="false" />
          </lines>
        </class>
        <class name="Entidades.Presentadores.PresentadorEstadisticas" filename="C:\Users\gpnic\Desktop\Gil.Nicolas.David.TP2\Entidades\Presentadores\PresentadorEstadisticas.cs" line-rate="0" branch-rate="0" complexity="9">
          <methods>
            <method name="get_IEstadisticas" signature="()" line-rate="0" branch-rate="1" complexity="1">
              <lines>
                <line number="27" hits="0" branch="false" />
              </lines>
            </method>
            <method name="set_IEstadisticas" signature="(...)" line-rate="0" branch-rate="1" complexity="1">
              <lines>
                <line number="29" hits="0" branch="false" />
                <line number="30" hits="0" branch="false" />
              </lines>
            </method>
            <method name="ObtenerHistorial" signature="()" line-rate="0" branch-rate="1" complexity="1">
              <lines>
                <line number="34" hits="0" branch="false" />
                <line number="35" hits="0" branch="false" />
                <line number="36" hits="0" branch="false" />
              </lines>
            </method>
            <method name="LLenarDatos" signature="()" line-rate="0" branch-rate="0" complexity="4">
              <lines>
                <line number="39" hits="0" branch="false" />
                <line number="40" hits="0" branch="false" />
                <line number="41" hits="0" branch="true" condition-coverage="0% (0/2)" />
                <line number="42" hits="0" branch="true" condition-coverage="0% (0/2)" />
                <line number="43" hits="0" branch="false" />
                <line number="44" hits="0" branch="false" />
                <line number="45" hits="0" branch="false" />
                <line number="46" hits="0" branch="false" />
                <line number="48" hits="0" branch="false" />
              </lines>
            </method>
            <method name="DataGridIndexChange" signature="(...)" line-rate="0" branch-rate="1" complexity="1">
              <lines>
                <line number="51" hits="0" branch="false" />
                <line number="52" hits="0" branch="false" />
                <line number="53" hits="0" branch="false" />
                <line number="54" hits="0" branch="false" />
              </lines>
            </method>
            <method name=".ctor" signature="(...)" line-rate="0" branch-rate="1" complexity="1">
              <lines>
                <line number="18" hits="0" branch="false" />
                <line number="19" hits="0" branch="false" />
                <line number="20" hits="0" branch="false" />
                <line number="21" hits="0" branch="false" />
                <line number="22" hits="0" branch="false" />
                <line number="23" hits="0" branch="false" />
              </lines>
            </method>
          </methods>
          <lines>
            <line number="18" hits="0" branch="false" />
            <line number="19" hits="0" branch="false" />
            <line number="20" hits="0" branch="false" />
            <line number="21" hits="0" branch="false" />
            <line number="22" hits="0" branch="false" />
            <line number="23" hits="0" branch="false" />
            <line number="27" hits="0" branch="false" />
            <line number="29" hits="0" branch="false" />
            <line number="30" hits="0" branch="false" />
            <line number="34" hits="0" branch="false" />
            <line number="35" hits="0" branch="false" />
            <line number="36" hits="0" branch="false" />
            <line number="39" hits="0" branch="false" />
            <line number="40" hits="0" branch="false" />
            <line number="41" hits="0" branch="true" condition-coverage="0% (0/2)" />
            <line number="42" hits="0" branch="true" condition-coverage="0% (0/2)" />
            <line number="43" hits="0" branch="false" />
            <line number="44" hits="0" branch="false" />
            <line number="45" hits="0" branch="false" />
            <line number="46" hits="0" branch="false" />
            <line number="48" hits="0" branch="false" />
            <line number="51" hits="0" branch="false" />
            <line number="52" hits="0" branch="false" />
            <line number="53" hits="0" branch="false" />
            <line number="54" hits="0" branch="false" />
          </lines>
        </class>
        <class name="Entidades.Presentadores.PresentadorPrincipal" filename="C:\Users\gpnic\Desktop\Gil.Nicolas.David.TP2\Entidades\Presentadores\PresentadorPrincipal.cs" line-rate="0" branch-rate="0" complexity="6">
          <methods>
            <method name="SetTexto" signature="(...)" line-rate="0" branch-rate="0" complexity="2">
              <lines>
                <line number="25" hits="0" branch="false" />
                <line number="26" hits="0" branch="true" condition-coverage="0% (0/2)" />
                <line number="27" hits="0" branch="false" />
                <line number="28" hits="0" branch="false" />
                <line number="29" hits="0" branch="false" />
              </lines>
            </method>
            <method name="ObtenerUsuarios" signature="()" line-rate="0" branch-rate="1" complexity="1">
              <lines>
                <line number="32" hits="0" branch="false" />
                <line number="33" hits="0" branch="false" />
                <line number="34" hits="0" branch="false" />
              </lines>
            </method>
            <method name="ObtenerMazo" signature="()" line-rate="0" branch-rate="1" complexity="1">
              <lines>
                <line number="37" hits="0" branch="false" />
                <line number="38" hits="0" branch="false" />
                <line number="39" hits="0" branch="false" />
              </lines>
            </method>
            <method name=".ctor" signature="(...)" line-rate="0" branch-rate="1" complexity="1">
              <lines>
                <line number="18" hits="0" branch="false" />
                <line number="19" hits="0" branch="false" />
                <line number="20" hits="0" branch="false" />
                <line number="21" hits="0" branch="false" />
                <line number="22" hits="0" branch="false" />
              </lines>
            </method>
            <method name=".cctor" signature="()" line-rate="0" branch-rate="1" complexity="1">
              <lines>
                <line number="16" hits="0" branch="false" />
              </lines>
            </method>
          </methods>
          <lines>
            <line number="16" hits="0" branch="false" />
            <line number="18" hits="0" branch="false" />
            <line number="19" hits="0" branch="false" />
            <line number="20" hits="0" branch="false" />
            <line number="21" hits="0" branch="false" />
            <line number="22" hits="0" branch="false" />
            <line number="25" hits="0" branch="false" />
            <line number="26" hits="0" branch="true" condition-coverage="0% (0/2)" />
            <line number="27" hits="0" branch="false" />
            <line number="28" hits="0" branch="false" />
            <line number="29" hits="0" branch="false" />
            <line number="32" hits="0" branch="false" />
            <line number="33" hits="0" branch="false" />
[...]
                <line number="17" hits="0" branch="false" />
                <line number="18" hits="0" branch="false" />
                <line number="19" hits="0" branch="false" />
              </lines>
            </method>
          </methods>
          <lines>
            <line number="17" hits="0" branch="false" />
            <line number="18" hits="0" branch="false" />
            <line number="19" hits="0" branch="false" />
            <line number="22" hits="0" branch="false" />
            <line number="23" hits="0" branch="false" />
            <line number="25" hits="0" branch="false" />
            <line number="26" hits="0" branch="true" condition-coverage="0% (0/2)" />
            <line number="27" hits="0" branch="false" />
            <line number="28" hits="0" branch="true" condition-coverage="0% (0/2)" />
            <line number="29" hits="0" branch="false" />
            <line number="30" hits="0" branch="false" />
            <line number="34" hits="0" branch="false" />
            <line number="35" hits="0" branch="false" />
            <line number="36" hits="0" branch="false" />
            <line number="37" hits="0" branch="false" />
            <line number="38" hits="0" branch="false" />
            <line number="39" hits="0" branch="false" />
            <line number="41" hits="0" branch="false" />
            <line number="44" hits="0" branch="false" />
            <line number="45" hits="0" branch="false" />
            <line number="46" hits="0" branch="false" />
            <line number="47" hits="0" branch="false" />
            <line number="50" hits="0" branch="false" />
            <line number="51" hits="0" branch="true" condition-coverage="0% (0/2)" />
            <line number="52" hits="0" branch="false" />
            <line number="53" hits="0" branch="false" />
            <line number="55" hits="0" branch="true" condition-coverage="0% (0/2)" />
            <line number="56" hits="0" branch="false" />
            <line number="57" hits="0" branch="true" condition-coverage="0% (0/2)" />
            <line number="58" hits="0" branch="false" />
            <line number="59" hits="0" branch="false" />
            <line number="60" hits="0" branch="false" />
            <line number="62" hits="0" branch="false" />
            <line number="63" hits="0" branch="true" condition-coverage="0% (0/2)" />
            <line number="64" hits="0" branch="false" />
            <line number="65" hits="0" branch="false" />
            <line number="66" hits="0" branch="false" />
            <line number="67" hits="0" branch="false" />
            <line number="68" hits="0" branch="false" />
            <line number="69" hits="0" branch="false" />
            <line number="71" hits="0" branch="false" />
            <line number="72" hits="0" branch="false" />
            <line number="73" hits="0" branch="false" />
            <line number="75" hits="0" branch="false" />
            <line number="77" hits="0" branch="false" />
            <line number="78" hits="0" branch="false" />
            <line number="80" hits="0" branch="false" />
            <line number="81" hits="0" branch="true" condition-coverage="0% (0/2)" />
            <line number="82" hits="0" branch="false" />
            <line number="83" hits="0" branch="false" />
            <line number="84" hits="0" branch="false" />
            <line number="86" hits="0" branch="false" />
            <line number="87" hits="0" branch="false" />
            <line number="88" hits="0" branch="false" />
            <line number="89" hits="0" branch="false" />
            <line number="90" hits="0" branch="false" />
            <line number="91" hits="0" branch="false" />
            <line number="92" hits="0" branch="false" />
            <line number="93" hits="0" branch="false" />
            <line number="94" hits="0" branch="false" />
            <line number="95" hits="0" branch="false" />
            <line number="97" hits="0" branch="false" />
            <line number="99" hits="0" branch="false" />
            <line number="100" hits="0" branch="false" />
            <line number="101" hits="0" branch="false" />
            <line number="102" hits="0" branch="false" />
            <line number="104" hits="0" branch="false" />
            <line number="105" hits="0" branch="true" condition-coverage="0% (0/2)" />
            <line number="106" hits="0" branch="false" />
            <line number="107" hits="0" branch="false" />
            <line number="109" hits="0" branch="true" condition-coverage="0% (0/2)" />
            <line number="110" hits="0" branch="false" />
            <line number="111" hits="0" branch="true" condition-coverage="0% (0/2)" />
            <line number="112" hits="0" branch="false" />
            <line number="113" hits="0" branch="false" />
            <line number="114" hits="0" branch="false" />
            <line number="116" hits="0" branch="false" />
            <line number="117" hits="0" branch="false" />
            <line number="118" hits="0" branch="true" condition-coverage="0% (0/2)" />
            <line number="119" hits="0" branch="false" />
            <line number="120" hits="0" branch="false" />
            <line number="121" hits="0" branch="false" />
            <line number="122" hits="0" branch="false" />
            <line number="123" hits="0" branch="false" />
            <line number="124" hits="0" branch="false" />
            <line number="125" hits="0" branch="false" />
            <line number="126" hits="0" branch="false" />
            <line number="128" hits="0" branch="false" />
            <line number="129" hits="0" branch="false" />
            <line number="130" hits="0" branch="false" />
            <line number="132" hits="0" branch="false" />
          </lines>
        </class>
      </classes>
    </package>
    <package name="Entidades.Test" line-rate="0.883116883116883" branch-rate="1" complexity="20">
      <classes>
        <class name="AutoGeneratedProgram" filename="C:\Users\gpnic\.nuget\packages\microsoft.net.test.sdk\17.1.0\build\netcoreapp2.1\Microsoft.NET.Test.Sdk.Program.cs" line-rate="0" branch-rate="1" complexity="1">
          <methods>
            <method name="Main" signature="(...)" line-rate="0" branch-rate="1" complexity="1">
              <lines>
                <line number="4" hits="0" branch="false" />
              </lines>
            </method>
          </methods>
          <lines>
            <line number="4" hits="0" branch="false" />
          </lines>
        </class>
        <class name="Entidades.Test.ArchivoTxtShould" filename="C:\Users\gpnic\Desktop\Gil.Nicolas.David.TP2\Entidades.Test\ArchivoTxtShould.cs" line-rate="1" branch-rate="1" complexity="3">
          <methods>
            <method name="EscribirTxtTest" signature="(...)" line-rate="1" branch-rate="1" complexity="1">
              <lines>
                <line number="18" hits="1" branch="false" />
                <line number="19" hits="1" branch="false" />
                <line number="20" hits="1" branch="false" />
                <line number="22" hits="1" branch="false" />
                <line number="23" hits="1" branch="false" />
              </lines>
            </method>
            <method name="LeerTxtTest" signature="(...)" line-rate="1" branch-rate="1" complexity="1">
              <lines>
                <line number="28" hits="1" branch="false" />
                <line number="29" hits="1" branch="false" />
                <line number="30" hits="1" branch="false" />
                <line number="32" hits="1" branch="false" />
                <line number="33" hits="1" branch="false" />
                <line number="34" hits="1" branch="false" />
              </lines>
            </method>
            <method name=".ctor" signature="()" line-rate="1" branch-rate="1" complexity="1">
              <lines>
                <line number="13" hits="2" branch="false" />
              </lines>
            </method>
          </methods>
          <lines>
            <line number="13" hits="2" branch="false" />
            <line number="18" hits="1" branch="false" />
            <line number="19" hits="1" branch="false" />
            <line number="20" hits="1" branch="false" />
            <line number="22" hits="1" branch="false" />
            <line number="23" hits="1" branch="false" />
            <line number="28" hits="1" branch="false" />
            <line number="29" hits="1" branch="false" />
            <line number="30" hits="1" branch="false" />
            <line number="32" hits="1" branch="false" />
            <line number="33" hits="1" branch="false" />
            <line number="34" hits="1" branch="false" />
          </lines>
        </class>
        <class name="Entidades.Test.PartidaShould" filename="C:\Users\gpnic\Desktop\Gil.Nicolas.David.TP2\Entidades.Test\PartidaShould.cs" line-rate="1" branch-rate="1" complexity="8">
          <methods>
            <method name="EmpezarPartidaTest" signature="()" line-rate="1" branch-rate="1" complexity="1">
              <lines>
                <line number="14" hits="1" branch="false" />
                <line number="15" hits="1" branch="false" />
                <line number="16" hits="1" branch="false" />
                <line number="17" hits="1" branch="false" />
                <line number="18" hits="1" branch="false" />
                <line number="19" hits="1" branch="false" />
              </lines>
            </method>
            <method name="RepartirCartasTest" signature="()" line-rate="1" branch-rate="1" complexity="1">
              <lines>
                <line number="23" hits="1" branch="false" />
                <line number="26" hits="1" branch="false" />
                <line number="27" hits="1" branch="false" />
                <line number="28" hits="1" branch="false" />
              </lines>
            </method>
            <method name="SacarCartaTest" signature="()" line-rate="1" branch-rate="1" complexity="1">
              <lines>
                <line number="33" hits="1" branch="false" />
                <line number="36" hits="1" branch="false" />
                <line number="37" hits="1" branch="false" />
              </lines>
            </method>
            <method name="AnalizarTurnoTest" signature="()" line-rate="1" branch-rate="1" complexity="1">
              <lines>
                <line number="43" hits="1" branch="false" />
                <line number="44" hits="1" branch="false" />
                <line number="46" hits="1" branch="false" />
                <line number="47" hits="1" branch="false" />
              </lines>
            </method>
            <method name="JugarPartidaTest" signature="()" line-rate="1" branch-rate="1" complexity="1">
              <lines>
                <line number="51" hits="1" branch="false" />
                <line number="52" hits="1" branch="false" />
                <line number="53" hits="1" branch="false" />
                <line number="54" hits="1" branch="false" />
                <line number="56" hits="1" branch="false" />
                <line number="58" hits="1" branch="false" />
                <line number="59" hits="1" branch="false" />
              </lines>
            </method>
            <method name="CanbiarTurnoTest" signature="()" line-rate="1" branch-rate="1" complexity="1">
              <lines>
                <line number="63" hits="1" branch="false" />
                <line number="64" hits="1" branch="false" />
                <line number="66" hits="1" branch="false" />
                <line number="68" hits="1" branch="false" />
                <line number="69" hits="1" branch="false" />
              </lines>
            </method>
            <method name="RecibirMasDosTest" signature="()" line-rate="1" branch-rate="1" complexity="1">
              <lines>
                <line number="73" hits="1" branch="false" />
                <line number="74" hits="1" branch="false" />
                <line number="76" hits="1" branch="false" />
                <line number="78" hits="1" branch="false" />
                <line number="79" hits="1" branch="false" />
              </lines>
            </method>
            <method name=".cctor" signature="()" line-rate="1" branch-rate="1" complexity="1">
              <lines>
                <line number="9" hits="1" branch="false" />
                <line number="10" hits="1" branch="false" />
              </lines>
            </method>
          </methods>
          <lines>
            <line number="9" hits="1" branch="false" />
            <line number="10" hits="1" branch="false" />
            <line number="14" hits="1" branch="false" />
            <line number="15" hits="1" branch="false" />
            <line number="16" hits="1" branch="false" />
            <line number="17" hits="1" branch="false" />
            <line number="18" hits="1" branch="false" />
            <line number="19" hits="1" branch="false" />
            <line number="23" hits="1" branch="false" />
            <line number="26" hits="1" branch="false" />
            <line number="27" hits="1" branch="false" />
            <line number="28" hits="1" branch="false" />
            <line number="33" hits="1" branch="false" />
            <line number="36" hits="1" branch="false" />
            <line number="37" hits="1" branch="false" />
            <line number="43" hits="1" branch="false" />
            <line number="44" hits="1" branch="false" />
            <line number="46" hits="1" branch="false" />
            <line number="47" hits="1" branch="false" />
            <line number="51" hits="1" branch="false" />
            <line number="52" hits="1" branch="false" />
            <line number="53" hits="1" branch="false" />
            <line number="54" hits="1" branch="false" />
            <line number="56" hits="1" branch="false" />
            <line number="58" hits="1" branch="false" />
            <line number="59" hits="1" branch="false" />
            <line number="63" hits="1" branch="false" />
            <line number="64" hits="1" branch="false" />
            <line number="66" hits="1" branch="false" />
            <line number="68" hits="1" branch="false" />
            <line number="69" hits="1" branch="false" />
            <line number="73" hits="1" branch="false" />
            <line number="74" hits="1" branch="false" />
            <line number="76" hits="1" branch="false" />
            <line number="78" hits="1" branch="false" />
            <line number="79" hits="1" branch="false" />
          </lines>
        </class>
        <class name="Entidades.Test.RepositorioDeAccesoShould" filename="C:\Users\gpnic\Desktop\Gil.Nicolas.David.TP2\Entidades.Test\RepositorioDeAccesoShould.cs" line-rate="1" branch-rate="1" complexity="4">
          <methods>
            <method name="GetUsersTest" signature="()" line-rate="1" branch-rate="1" complexity="1">
              <lines>
                <line number="17" hits="1" branch="false" />
                <line number="18" hits="1" branch="false" />
                <line number="20" hits="1" branch="false" />
                <line number="22" hits="1" branch="false" />
                <line number="23" hits="1" branch="false" />
              </lines>
            </method>
            <method name="ObtenerMazoTest" signature="()" line-rate="1" branch-rate="1" complexity="1">
              <lines>
                <line number="27" hits="1" branch="false" />
                <line number="28" hits="1" branch="false" />
                <line number="30" hits="1" branch="false" />
                <line number="32" hits="1" branch="false" />
                <line number="33" hits="1" branch="false" />
              </lines>
            </method>
            <method name="ObtenerPartidasTest" signature="()" line-rate="1" branch-rate="1" complexity="1">
              <lines>
                <line number="37" hits="1" branch="false" />
                <line number="38" hits="1" branch="false" />
                <line number="40" hits="1" branch="false" />
                <line number="42" hits="1" branch="false" />
                <line number="43" hits="1" branch="false" />
              </lines>
            </method>
            <method name="ObtenerPaisesTest" signature="()" line-rate="1" branch-rate="1" complexity="1">
              <lines>
                <line number="46" hits="1" branch="false" />
                <line number="47" hits="1" branch="false" />
                <line number="49" hits="1" branch="false" />
                <line number="51" hits="1" branch="false" />
                <line number="52" hits="1" branch="false" />
              </lines>
            </method>
          </methods>
          <lines>
            <line number="17" hits="1" branch="false" />
            <line number="18" hits="1" branch="false" />
            <line number="20" hits="1" branch="false" />
            <line number="22" hits="1" branch="false" />
            <line number="23" hits="1" branch="false" />
            <line number="27" hits="1" branch="false" />
            <line number="28" hits="1" branch="false" />
            <line number="30" hits="1" branch="false" />
            <line number="32" hits="1" branch="false" />
            <line number="33" hits="1" branch="false" />
            <line number="37" hits="1" branch="false" />
            <line number="38" hits="1" branch="false" />
            <line number="40" hits="1" branch="false" />
            <line number="42" hits="1" branch="false" />
            <line number="43" hits="1" branch="false" />
            <line number="46" hits="1" branch="false" />
            <line number="47" hits="1" branch="false" />
            <line number="49" hits="1" branch="false" />
            <line number="51" hits="1" branch="false" />
            <line number="52" hits="1" branch="false" />
          </lines>
        </class>
        <class name="Entidades.Test.SerializadoraShould" filename="C:\Users\gpnic\Desktop\Gil.Nicolas.David.TP2\Entidades.Test\SerializadoraShould.cs" line-rate="0" branch-rate="1" complexity="4">
          <methods>
            <method name="EscribirJsonTest" signature="()" line-rate="0" branch-rate="1" complexity="1">
              <lines>
                <line number="13" hits="0" branch="false" />
                <line number="15" hits="0" branch="false" />
              </lines>
            </method>
            <method name="LeerJsonTest" signature="()" line-rate="0" branch-rate="1" complexity="1">
              <lines>
                <line number="18" hits="0" branch="false" />
                <line number="20" hits="0" branch="false" />
              </lines>
            </method>
            <method name="LeerXmlTest" signature="()" line-rate="0" branch-rate="1" complexity="1">
              <lines>
                <line number="23" hits="0" branch="false" />
                <line number="25" hits="0" branch="false" />
              </lines>
            </method>
            <method name="EscribirXmlTest" signature="()" line-rate="0" branch-rate="1" complexity="1">
              <lines>
                <line number="30" hits="0" branch="false" />
                <line number="32" hits="0" branch="false" />
              </lines>
            </method>
          </methods>
          <lines>
            <line number="13" hits="0" branch="false" />
            <line number="15" hits="0" branch="false" />
            <line number="18" hits="0" branch="false" />
            <line number="20" hits="0" branch="false" />
            <line number="23" hits="0" branch="false" />
            <line number="25" hits="0" branch="false" />
            <line number="30" hits="0" branch="false" />
            <line number="32" hits="0" branch="false" />
          </lines>
        </class>
      </classes>
    </package>
  </packages>
</coverage>