<?xml version="1.0" encoding="utf-8"?>
<!DOCTYPE coverage SYSTEM "http://cobertura.sourceforge.net/xml/coverage-04.dtd">
<coverage line-rate="0.283283283283283" branch-rate="0.104575163398693" lines-covered="283" lines-valid="999" branches-covered="32" branches-valid="306" complexity="346" version="0" timestamp="1667597809">
  <sources>
    <source>C:\Users\gpnic\</source>
  </sources>
  <packages>
    <package name="Library.TP2" line-rate="0.217724288840263" branch-rate="0.104575163398693" complexity="337">
      <classes>
        <class name="Library.TP2.Archivo" filename="C:\Users\gpnic\Desktop\Gil.Nicolas.David.TP2\Library.TP2\Archivo.cs" line-rate="0" branch-rate="0" complexity="6">
          <methods>
            <method name="EscribirTxt" signature="(...)" line-rate="0" branch-rate="0" complexity="4">
              <lines>
                <line number="23" hits="0" branch="false" />
                <line number="24" hits="0" branch="false" />
                <line number="26" hits="0" branch="false" />
                <line number="27" hits="0" branch="true" condition-coverage="0% (0/2)" />
                <line number="28" hits="0" branch="false" />
                <line number="29" hits="0" branch="true" condition-coverage="0% (0/2)" />
                <line number="30" hits="0" branch="false" />
                <line number="31" hits="0" branch="false" />
                <line number="32" hits="0" branch="false" />
                <line number="33" hits="0" branch="false" />
                <line number="34" hits="0" branch="false" />
                <line number="35" hits="0" branch="false" />
                <line number="36" hits="0" branch="false" />
                <line number="37" hits="0" branch="false" />
                <line number="38" hits="0" branch="false" />
                <line number="39" hits="0" branch="false" />
                <line number="40" hits="0" branch="false" />
                <line number="41" hits="0" branch="false" />
                <line number="43" hits="0" branch="false" />
              </lines>
            </method>
            <method name="LeerTxt" signature="(...)" line-rate="0" branch-rate="1" complexity="1">
              <lines>
                <line number="45" hits="0" branch="false" />
                <line number="46" hits="0" branch="false" />
                <line number="47" hits="0" branch="false" />
                <line number="49" hits="0" branch="false" />
                <line number="50" hits="0" branch="false" />
                <line number="51" hits="0" branch="false" />
                <line number="54" hits="0" branch="false" />
                <line number="56" hits="0" branch="false" />
                <line number="57" hits="0" branch="false" />
                <line number="58" hits="0" branch="false" />
                <line number="60" hits="0" branch="false" />
                <line number="61" hits="0" branch="false" />
                <line number="62" hits="0" branch="false" />
                <line number="64" hits="0" branch="false" />
              </lines>
            </method>
            <method name=".ctor" signature="()" line-rate="0" branch-rate="1" complexity="1">
              <lines>
                <line number="16" hits="0" branch="false" />
                <line number="17" hits="0" branch="false" />
                <line number="18" hits="0" branch="false" />
                <line number="19" hits="0" branch="false" />
                <line number="20" hits="0" branch="false" />
              </lines>
            </method>
          </methods>
          <lines>
            <line number="16" hits="0" branch="false" />
            <line number="17" hits="0" branch="false" />
            <line number="18" hits="0" branch="false" />
            <line number="19" hits="0" branch="false" />
            <line number="20" hits="0" branch="false" />
            <line number="23" hits="0" branch="false" />
            <line number="24" hits="0" branch="false" />
            <line number="26" hits="0" branch="false" />
            <line number="27" hits="0" branch="true" condition-coverage="0% (0/2)" />
            <line number="28" hits="0" branch="false" />
            <line number="29" hits="0" branch="true" condition-coverage="0% (0/2)" />
            <line number="30" hits="0" branch="false" />
            <line number="31" hits="0" branch="false" />
            <line number="32" hits="0" branch="false" />
            <line number="33" hits="0" branch="false" />
            <line number="34" hits="0" branch="false" />
            <line number="35" hits="0" branch="false" />
            <line number="36" hits="0" branch="false" />
            <line number="37" hits="0" branch="false" />
            <line number="38" hits="0" branch="false" />
            <line number="39" hits="0" branch="false" />
            <line number="40" hits="0" branch="false" />
            <line number="41" hits="0" branch="false" />
            <line number="43" hits="0" branch="false" />
            <line number="45" hits="0" branch="false" />
            <line number="46" hits="0" branch="false" />
            <line number="47" hits="0" branch="false" />
            <line number="49" hits="0" branch="false" />
            <line number="50" hits="0" branch="false" />
            <line number="51" hits="0" branch="false" />
            <line number="54" hits="0" branch="false" />
            <line number="56" hits="0" branch="false" />
            <line number="57" hits="0" branch="false" />
            <line number="58" hits="0" branch="false" />
            <line number="60" hits="0" branch="false" />
            <line number="61" hits="0" branch="false" />
            <line number="62" hits="0" branch="false" />
            <line number="64" hits="0" branch="false" />
          </lines>
        </class>
        <class name="Library.TP2.BaseDatos" filename="C:\Users\gpnic\Desktop\Gil.Nicolas.David.TP2\Library.TP2\BaseDatos.cs" line-rate="0.354430379746835" branch-rate="0.307692307692308" complexity="26">
          <methods>
            <method name="ObtenerJugadores" signature="()" line-rate="1" branch-rate="1" complexity="4">
              <lines>
                <line number="13" hits="7" branch="false" />
                <line number="14" hits="7" branch="false" />
                <line number="16" hits="7" branch="false" />
                <line number="18" hits="7" branch="false" />
                <line number="20" hits="7" branch="false" />
                <line number="22" hits="7" branch="false" />
                <line number="24" hits="7" branch="false" />
                <line number="25" hits="7" branch="false" />
                <line number="26" hits="7" branch="false" />
                <line number="28" hits="7" branch="false" />
                <line number="30" hits="7" branch="false" />
                <line number="31" hits="308" branch="true" condition-coverage="100% (2/2)" />
                <line number="32" hits="301" branch="false" />
                <line number="33" hits="301" branch="false" />
                <line number="34" hits="301" branch="false" />
                <line number="35" hits="301" branch="false" />
                <line number="36" hits="301" branch="false" />
                <line number="37" hits="301" branch="false" />
                <line number="38" hits="301" branch="false" />
                <line number="39" hits="301" branch="false" />
                <line number="40" hits="301" branch="false" />
                <line number="41" hits="301" branch="false" />
                <line number="43" hits="301" branch="false" />
                <line number="45" hits="301" branch="false" />
                <line number="46" hits="301" branch="false" />
                <line number="48" hits="7" branch="true" condition-coverage="100% (2/2)" />
                <line number="49" hits="7" branch="false" />
                <line number="50" hits="7" branch="false" />
                <line number="51" hits="7" branch="false" />
                <line number="53" hits="7" branch="false" />
                <line number="54" hits="7" branch="false" />
              </lines>
            </method>
            <method name="ObtenerUsuarios" signature="()" line-rate="0" branch-rate="0" complexity="4">
              <lines>
                <line number="57" hits="0" branch="false" />
                <line number="58" hits="0" branch="false" />
                <line number="60" hits="0" branch="false" />
                <line number="62" hits="0" branch="false" />
                <line number="64" hits="0" branch="false" />
                <line number="66" hits="0" branch="false" />
                <line number="68" hits="0" branch="false" />
                <line number="69" hits="0" branch="false" />
                <line number="70" hits="0" branch="false" />
                <line number="72" hits="0" branch="false" />
                <line number="74" hits="0" branch="false" />
                <line number="75" hits="0" branch="true" condition-coverage="0% (0/2)" />
                <line number="76" hits="0" branch="false" />
                <line number="77" hits="0" branch="false" />
                <line number="78" hits="0" branch="false" />
                <line number="79" hits="0" branch="false" />
                <line number="80" hits="0" branch="false" />
                <line number="81" hits="0" branch="false" />
                <line number="82" hits="0" branch="false" />
                <line number="83" hits="0" branch="false" />
                <line number="84" hits="0" branch="false" />
                <line number="85" hits="0" branch="false" />
                <line number="87" hits="0" branch="false" />
                <line number="89" hits="0" branch="false" />
                <line number="90" hits="0" branch="false" />
                <line number="92" hits="0" branch="true" condition-coverage="0% (0/2)" />
                <line number="93" hits="0" branch="false" />
                <line number="94" hits="0" branch="false" />
                <line number="95" hits="0" branch="false" />
                <line number="97" hits="0" branch="false" />
                <line number="98" hits="0" branch="false" />
              </lines>
            </method>
            <method name="AgregarUsuario" signature="(...)" line-rate="0" branch-rate="0" complexity="4">
              <lines>
                <line number="101" hits="0" branch="false" />
                <line number="102" hits="0" branch="false" />
                <line number="105" hits="0" branch="false" />
                <line number="106" hits="0" branch="false" />
                <line number="108" hits="0" branch="false" />
                <line number="110" hits="0" branch="false" />
                <line number="112" hits="0" branch="false" />
                <line number="113" hits="0" branch="false" />
                <line number="115" hits="0" branch="false" />
                <line number="116" hits="0" branch="false" />
                <line number="118" hits="0" branch="false" />
                <line number="119" hits="0" branch="false" />
                <line number="120" hits="0" branch="false" />
                <line number="121" hits="0" branch="false" />
                <line number="122" hits="0" branch="false" />
                <line number="123" hits="0" branch="false" />
                <line number="124" hits="0" branch="false" />
                <line number="125" hits="0" branch="false" />
                <line number="126" hits="0" branch="false" />
                <line number="127" hits="0" branch="false" />
                <line number="129" hits="0" branch="false" />
                <line number="131" hits="0" branch="false" />
                <line number="133" hits="0" branch="true" condition-coverage="0% (0/4)" />
                <line number="134" hits="0" branch="false" />
                <line number="135" hits="0" branch="false" />
                <line number="136" hits="0" branch="false" />
                <line number="137" hits="0" branch="false" />
                <line number="138" hits="0" branch="false" />
                <line number="139" hits="0" branch="false" />
                <line number="141" hits="0" branch="false" />
                <line number="142" hits="0" branch="false" />
                <line number="143" hits="0" branch="false" />
              </lines>
            </method>
            <method name="ObtenerMazo" signature="()" line-rate="1" branch-rate="1" complexity="4">
              <lines>
                <line number="146" hits="5" branch="false" />
                <line number="147" hits="5" branch="false" />
                <line number="149" hits="5" branch="false" />
                <line number="151" hits="5" branch="false" />
                <line number="153" hits="5" branch="false" />
                <line number="155" hits="5" branch="false" />
                <line number="157" hits="5" branch="false" />
                <line number="158" hits="5" branch="false" />
                <line number="159" hits="5" branch="false" />
                <line number="161" hits="5" branch="false" />
                <line number="163" hits="5" branch="false" />
                <line number="164" hits="565" branch="true" condition-coverage="100% (2/2)" />
                <line number="165" hits="560" branch="false" />
                <line number="166" hits="560" branch="false" />
                <line number="167" hits="560" branch="false" />
                <line number="168" hits="560" branch="false" />
                <line number="170" hits="560" branch="false" />
                <line number="172" hits="560" branch="false" />
                <line number="173" hits="560" branch="false" />
                <line number="175" hits="5" branch="true" condition-coverage="100% (2/2)" />
                <line number="176" hits="5" branch="false" />
                <line number="177" hits="5" branch="false" />
                <line number="178" hits="5" branch="false" />
                <line number="180" hits="5" branch="false" />
                <line number="181" hits="5" branch="false" />
              </lines>
            </method>
            <method name="ObtenerHistorialPartidas" signature="()" line-rate="0" branch-rate="0" complexity="10">
              <lines>
                <line number="184" hits="0" branch="false" />
                <line number="185" hits="0" branch="false" />
                <line number="187" hits="0" branch="false" />
                <line number="189" hits="0" branch="false" />
                <line number="191" hits="0" branch="false" />
                <line number="193" hits="0" branch="false" />
                <line number="195" hits="0" branch="false" />
                <line number="196" hits="0" branch="false" />
                <line number="197" hits="0" branch="false" />
                <line number="199" hits="0" branch="false" />
                <line number="201" hits="0" branch="false" />
                <line number="202" hits="0" branch="true" condition-coverage="0% (0/2)" />
                <line number="203" hits="0" branch="false" />
                <line number="204" hits="0" branch="false" />
                <line number="205" hits="0" branch="false" />
                <line number="206" hits="0" branch="false" />
                <line number="207" hits="0" branch="false" />
                <line number="208" hits="0" branch="false" />
                <line number="209" hits="0" branch="false" />
                <line number="211" hits="0" branch="true" condition-coverage="0% (0/2)" />
                <line number="212" hits="0" branch="false" />
                <line number="213" hits="0" branch="true" condition-coverage="0% (0/2)" />
                <line number="214" hits="0" branch="false" />
                <line number="215" hits="0" branch="false" />
                <line number="216" hits="0" branch="false" />
                <line number="217" hits="0" branch="true" condition-coverage="0% (0/2)" />
                <line number="218" hits="0" branch="false" />
                <line number="219" hits="0" branch="false" />
                <line number="220" hits="0" branch="false" />
                <line number="221" hits="0" branch="false" />
                <line number="223" hits="0" branch="false" />
                <line number="225" hits="0" branch="false" />
                <line number="226" hits="0" branch="false" />
                <line number="228" hits="0" branch="true" condition-coverage="0% (0/2)" />
                <line number="229" hits="0" branch="false" />
                <line number="230" hits="0" branch="false" />
                <line number="231" hits="0" branch="false" />
                <line number="232" hits="0" branch="false" />
                <line number="233" hits="0" branch="false" />
              </lines>
            </method>
          </methods>
          <lines>
            <line number="13" hits="7" branch="false" />
            <line number="14" hits="7" branch="false" />
            <line number="16" hits="7" branch="false" />
            <line number="18" hits="7" branch="false" />
            <line number="20" hits="7" branch="false" />
            <line number="22" hits="7" branch="false" />
            <line number="24" hits="7" branch="false" />
            <line number="25" hits="7" branch="false" />
            <line number="26" hits="7" branch="false" />
            <line number="28" hits="7" branch="false" />
            <line number="30" hits="7" branch="false" />
            <line number="31" hits="308" branch="true" condition-coverage="100% (2/2)" />
            <line number="32" hits="301" branch="false" />
            <line number="33" hits="301" branch="false" />
            <line number="34" hits="301" branch="false" />
            <line number="35" hits="301" branch="false" />
            <line number="36" hits="301" branch="false" />
            <line number="37" hits="301" branch="false" />
            <line number="38" hits="301" branch="false" />
            <line number="39" hits="301" branch="false" />
            <line number="40" hits="301" branch="false" />
            <line number="41" hits="301" branch="false" />
            <line number="43" hits="301" branch="false" />
            <line number="45" hits="301" branch="false" />
            <line number="46" hits="301" branch="false" />
            <line number="48" hits="7" branch="true" condition-coverage="100% (2/2)" />
            <line number="49" hits="7" branch="false" />
            <line number="50" hits="7" branch="false" />
            <line number="51" hits="7" branch="false" />
            <line number="53" hits="7" branch="false" />
            <line number="54" hits="7" branch="false" />
            <line number="57" hits="0" branch="false" />
            <line number="58" hits="0" branch="false" />
            <line number="60" hits="0" branch="false" />
            <line number="62" hits="0" branch="false" />
            <line number="64" hits="0" branch="false" />
            <line number="66" hits="0" branch="false" />
            <line number="68" hits="0" branch="false" />
            <line number="69" hits="0" branch="false" />
            <line number="70" hits="0" branch="false" />
            <line number="72" hits="0" branch="false" />
            <line number="74" hits="0" branch="false" />
            <line number="75" hits="0" branch="true" condition-coverage="0% (0/2)" />
            <line number="76" hits="0" branch="false" />
            <line number="77" hits="0" branch="false" />
            <line number="78" hits="0" branch="false" />
            <line number="79" hits="0" branch="false" />
            <line number="80" hits="0" branch="false" />
            <line number="81" hits="0" branch="false" />
            <line number="82" hits="0" branch="false" />
            <line number="83" hits="0" branch="false" />
            <line number="84" hits="0" branch="false" />
            <line number="85" hits="0" branch="false" />
            <line number="87" hits="0" branch="false" />
            <line number="89" hits="0" branch="false" />
            <line number="90" hits="0" branch="false" />
            <line number="92" hits="0" branch="true" condition-coverage="0% (0/2)" />
            <line number="93" hits="0" branch="false" />
            <line number="94" hits="0" branch="false" />
            <line number="95" hits="0" branch="false" />
            <line number="97" hits="0" branch="false" />
            <line number="98" hits="0" branch="false" />
            <line number="101" hits="0" branch="false" />
            <line number="102" hits="0" branch="false" />
            <line number="105" hits="0" branch="false" />
            <line number="106" hits="0" branch="false" />
            <line number="108" hits="0" branch="false" />
            <line number="110" hits="0" branch="false" />
            <line number="112" hits="0" branch="false" />
            <line number="113" hits="0" branch="false" />
            <line number="115" hits="0" branch="false" />
            <line number="116" hits="0" branch="false" />
            <line number="118" hits="0" branch="false" />
            <line number="119" hits="0" branch="false" />
            <line number="120" hits="0" branch="false" />
            <line number="121" hits="0" branch="false" />
            <line number="122" hits="0" branch="false" />
            <line number="123" hits="0" branch="false" />
            <line number="124" hits="0" branch="false" />
            <line number="125" hits="0" branch="false" />
            <line number="126" hits="0" branch="false" />
            <line number="127" hits="0" branch="false" />
            <line number="129" hits="0" branch="false" />
            <line number="131" hits="0" branch="false" />
            <line number="133" hits="0" branch="true" condition-coverage="0% (0/4)" />
            <line number="134" hits="0" branch="false" />
            <line number="135" hits="0" branch="false" />
            <line number="136" hits="0" branch="false" />
            <line number="137" hits="0" branch="false" />
            <line number="138" hits="0" branch="false" />
            <line number="139" hits="0" branch="false" />
            <line number="141" hits="0" branch="false" />
            <line number="142" hits="0" branch="false" />
            <line number="143" hits="0" branch="false" />
            <line number="146" hits="5" branch="false" />
            <line number="147" hits="5" branch="false" />
            <line number="149" hits="5" branch="false" />
            <line number="151" hits="5" branch="false" />
            <line number="153" hits="5" branch="false" />
            <line number="155" hits="5" branch="false" />
            <line number="157" hits="5" branch="false" />
            <line number="158" hits="5" branch="false" />
            <line number="159" hits="5" branch="false" />
            <line number="161" hits="5" branch="false" />
            <line number="163" hits="5" branch="false" />
            <line number="164" hits="565" branch="true" condition-coverage="100% (2/2)" />
            <line number="165" hits="560" branch="false" />
            <line number="166" hits="560" branch="false" />
            <line number="167" hits="560" branch="false" />
            <line number="168" hits="560" branch="false" />
            <line number="170" hits="560" branch="false" />
            <line number="172" hits="560" branch="false" />
            <line number="173" hits="560" branch="false" />
            <line number="175" hits="5" branch="true" condition-coverage="100% (2/2)" />
            <line number="176" hits="5" branch="false" />
            <line number="177" hits="5" branch="false" />
            <line number="178" hits="5" branch="false" />
            <line number="180" hits="5" branch="false" />
            <line number="181" hits="5" branch="false" />
            <line number="184" hits="0" branch="false" />
            <line number="185" hits="0" branch="false" />
            <line number="187" hits="0" branch="false" />
            <line number="189" hits="0" branch="false" />
            <line number="191" hits="0" branch="false" />
            <line number="193" hits="0" branch="false" />
            <line number="195" hits="0" branch="false" />
            <line number="196" hits="0" branch="false" />
            <line number="197" hits="0" branch="false" />
            <line number="199" hits="0" branch="false" />
            <line number="201" hits="0" branch="false" />
            <line number="202" hits="0" branch="true" condition-coverage="0% (0/2)" />
            <line number="203" hits="0" branch="false" />
            <line number="204" hits="0" branch="false" />
            <line number="205" hits="0" branch="false" />
            <line number="206" hits="0" branch="false" />
            <line number="207" hits="0" branch="false" />
            <line number="208" hits="0" branch="false" />
            <line number="209" hits="0" branch="false" />
            <line number="211" hits="0" branch="true" condition-coverage="0% (0/2)" />
            <line number="212" hits="0" branch="false" />
            <line number="213" hits="0" branch="true" condition-coverage="0% (0/2)" />
            <line number="214" hits="0" branch="false" />
            <line number="215" hits="0" branch="false" />
            <line number="216" hits="0" branch="false" />
            <line number="217" hits="0" branch="true" condition-coverage="0% (0/2)" />
            <line number="218" hits="0" branch="false" />
            <line number="219" hits="0" branch="false" />
            <line number="220" hits="0" branch="false" />
            <line number="221" hits="0" branch="false" />
            <line number="223" hits="0" branch="false" />
            <line number="225" hits="0" branch="false" />
            <line number="226" hits="0" branch="false" />
            <line number="228" hits="0" branch="true" condition-coverage="0% (0/2)" />
            <line number="229" hits="0" branch="false" />
            <line number="230" hits="0" branch="false" />
            <line number="231" hits="0" branch="false" />
            <line number="232" hits="0" branch="false" />
            <line number="233" hits="0" branch="false" />
          </lines>
        </class>
        <class name="Library.TP2.Carta" filename="C:\Users\gpnic\Desktop\Gil.Nicolas.David.TP2\Library.TP2\Carta.cs" line-rate="0.888888888888889" branch-rate="1" complexity="4">
          <methods>
            <method name="get_SimboloCarta" signature="()" line-rate="1" branch-rate="1" complexity="1">
              <lines>
                <line number="22" hits="3" branch="false" />
              </lines>
            </method>
            <method name="get_NumeroCarta" signature="()" line-rate="1" branch-rate="1" complexity="1">
              <lines>
                <line number="23" hits="16" branch="false" />
              </lines>
            </method>
            <method name="get_ColorCarta" signature="()" line-rate="0" branch-rate="1" complexity="1">
              <lines>
                <line number="24" hits="0" branch="false" />
              </lines>
            </method>
            <method name=".ctor" signature="(...)" line-rate="1" branch-rate="1" complexity="1">
              <lines>
                <line number="15" hits="575" branch="false" />
                <line number="16" hits="575" branch="false" />
                <line number="17" hits="575" branch="false" />
                <line number="18" hits="575" branch="false" />
                <line number="19" hits="575" branch="false" />
                <line number="20" hits="575" branch="false" />
              </lines>
            </method>
          </methods>
          <lines>
            <line number="15" hits="575" branch="false" />
            <line number="16" hits="575" branch="false" />
            <line number="17" hits="575" branch="false" />
            <line number="18" hits="575" branch="false" />
            <line number="19" hits="575" branch="false" />
            <line number="20" hits="575" branch="false" />
            <line number="22" hits="3" branch="false" />
            <line number="23" hits="16" branch="false" />
            <line number="24" hits="0" branch="false" />
          </lines>
        </class>
        <class name="Library.TP2.Partida" filename="C:\Users\gpnic\Desktop\Gil.Nicolas.David.TP2\Library.TP2\Partida.cs" line-rate="0.251063829787234" branch-rate="0.133333333333333" complexity="191">
          <methods>
            <method name="get_FechaPartida" signature="()" line-rate="0" branch-rate="1" complexity="1">
              <lines>
                <line number="40" hits="0" branch="false" />
              </lines>
            </method>
            <method name="get_JugadorUno" signature="()" line-rate="1" branch-rate="1" complexity="1">
              <lines>
                <line number="42" hits="5" branch="false" />
              </lines>
            </method>
            <method name="get_JugadorDos" signature="()" line-rate="1" branch-rate="1" complexity="1">
              <lines>
                <line number="44" hits="2" branch="false" />
              </lines>
            </method>
            <method name="get_CartaMesa" signature="()" line-rate="1" branch-rate="1" complexity="1">
              <lines>
                <line number="45" hits="8" branch="false" />
              </lines>
            </method>
            <method name="get_Ganador" signature="()" line-rate="0" branch-rate="1" complexity="1">
              <lines>
                <line number="46" hits="0" branch="false" />
              </lines>
            </method>
            <method name="get_TurnoJuego" signature="()" line-rate="1" branch-rate="1" complexity="1">
              <lines>
                <line number="47" hits="7" branch="false" />
              </lines>
            </method>
            <method name="get_Mazo" signature="()" line-rate="1" branch-rate="1" complexity="1">
              <lines>
                <line number="49" hits="6" branch="false" />
              </lines>
            </method>
            <method name="JugarPartida" signature="(...)" line-rate="0" branch-rate="0" complexity="28">
              <lines>
                <line number="52" hits="0" branch="false" />
                <line number="53" hits="0" branch="false" />
                <line number="56" hits="0" branch="false" />
                <line number="58" hits="0" branch="true" condition-coverage="0% (0/2)" />
                <line number="59" hits="0" branch="false" />
                <line number="60" hits="0" branch="false" />
                <line number="61" hits="0" branch="false" />
                <line number="62" hits="0" branch="false" />
                <line number="63" hits="0" branch="false" />
                <line number="64" hits="0" branch="false" />
                <line number="66" hits="0" branch="false" />
                <line number="67" hits="0" branch="false" />
                <line number="68" hits="0" branch="true" condition-coverage="0% (0/2)" />
                <line number="69" hits="0" branch="false" />
                <line number="70" hits="0" branch="false" />
                <line number="71" hits="0" branch="false" />
                <line number="73" hits="0" branch="false" />
                <line number="75" hits="0" branch="true" condition-coverage="0% (0/2)" />
                <line number="76" hits="0" branch="false" />
                <line number="77" hits="0" branch="false" />
                <line number="78" hits="0" branch="false" />
                <line number="79" hits="0" branch="true" condition-coverage="0% (0/2)" />
                <line number="80" hits="0" branch="false" />
                <line number="81" hits="0" branch="false" />
                <line number="82" hits="0" branch="false" />
                <line number="83" hits="0" branch="false" />
                <line number="85" hits="0" branch="false" />
                <line number="86" hits="0" branch="false" />
                <line number="87" hits="0" branch="false" />
                <line number="88" hits="0" branch="false" />
                <line number="89" hits="0" branch="false" />
                <line number="91" hits="0" branch="false" />
                <line number="92" hits="0" branch="false" />
                <line number="93" hits="0" branch="false" />
                <line number="94" hits="0" branch="true" condition-coverage="0% (0/2)" />
                <line number="95" hits="0" branch="false" />
                <line number="96" hits="0" branch="false" />
                <line number="97" hits="0" branch="false" />
                <line number="99" hits="0" branch="false" />
                <line number="100" hits="0" branch="false" />
                <line number="101" hits="0" branch="false" />
                <line number="102" hits="0" branch="false" />
                <line number="103" hits="0" branch="true" condition-coverage="0% (0/2)" />
                <line number="104" hits="0" branch="false" />
                <line number="105" hits="0" branch="false" />
                <line number="106" hits="0" branch="false" />
                <line number="107" hits="0" branch="true" condition-coverage="0% (0/2)" />
                <line number="108" hits="0" branch="false" />
                <line number="109" hits="0" branch="false" />
                <line number="110" hits="0" branch="false" />
                <line number="111" hits="0" branch="false" />
                <line number="113" hits="0" branch="false" />
                <line number="114" hits="0" branch="false" />
                <line number="115" hits="0" branch="false" />
                <line number="116" hits="0" branch="false" />
                <line number="117" hits="0" branch="false" />
                <line number="118" hits="0" branch="false" />
                <line number="120" hits="0" branch="false" />
                <line number="122" hits="0" branch="false" />
                <line number="123" hits="0" branch="false" />
                <line number="124" hits="0" branch="false" />
                <line number="125" hits="0" branch="true" condition-coverage="0% (0/2)" />
                <line number="126" hits="0" branch="false" />
                <line number="127" hits="0" branch="false" />
                <line number="128" hits="0" branch="false" />
                <line number="129" hits="0" branch="false" />
                <line number="131" hits="0" branch="true" condition-coverage="0% (0/2)" />
                <line number="132" hits="0" branch="false" />
                <line number="133" hits="0" branch="false" />
                <line number="134" hits="0" branch="false" />
                <line number="135" hits="0" branch="true" condition-coverage="0% (0/2)" />
                <line number="136" hits="0" branch="false" />
                <line number="137" hits="0" branch="false" />
                <line number="138" hits="0" branch="false" />
                <line number="140" hits="0" branch="false" />
                <line number="141" hits="0" branch="false" />
                <line number="142" hits="0" branch="false" />
                <line number="143" hits="0" branch="false" />
                <line number="145" hits="0" branch="false" />
                <line number="146" hits="0" branch="false" />
                <line number="147" hits="0" branch="true" condition-coverage="0% (0/2)" />
                <line number="148" hits="0" branch="false" />
                <line number="149" hits="0" branch="false" />
                <line number="150" hits="0" branch="false" />
                <line number="152" hits="0" branch="false" />
                <line number="153" hits="0" branch="false" />
                <line number="154" hits="0" branch="false" />
                <line number="155" hits="0" branch="false" />
                <line number="156" hits="0" branch="true" condition-coverage="0% (0/2)" />
                <line number="157" hits="0" branch="false" />
                <line number="158" hits="0" branch="false" />
                <line number="159" hits="0" branch="false" />
                <line number="160" hits="0" branch="true" condition-coverage="0% (0/2)" />
                <line number="161" hits="0" branch="false" />
                <line number="162" hits="0" branch="false" />
                <line number="163" hits="0" branch="false" />
                <line number="165" hits="0" branch="false" />
                <line number="166" hits="0" branch="false" />
                <line number="167" hits="0" branch="false" />
                <line number="168" hits="0" branch="false" />
                <line number="170" hits="0" branch="false" />
                <line number="171" hits="0" branch="true" condition-coverage="0% (0/2)" />
                <line number="172" hits="0" branch="false" />
                <line number="173" hits="0" branch="false" />
                <line number="174" hits="0" branch="false" />
                <line number="176" hits="0" branch="false" />
                <line number="177" hits="0" branch="false" />
                <line number="178" hits="0" branch="false" />
                <line number="179" hits="0" branch="false" />
                <line number="180" hits="0" branch="false" />
                <line number="181" hits="0" branch="false" />
                <line number="182" hits="0" branch="false" />
              </lines>
            </method>
            <method name="RecibirMasDos" signature="()" line-rate="1" branch-rate="1" complexity="8">
              <lines>
                <line number="185" hits="3" branch="false" />
                <line number="187" hits="3" branch="true" condition-coverage="100% (4/4)" />
                <line number="188" hits="1" branch="false" />
                <line number="189" hits="1" branch="false" />
                <line number="190" hits="1" branch="false" />
                <line number="191" hits="1" branch="false" />
                <line number="192" hits="1" branch="false" />
                <line number="193" hits="1" branch="false" />
                <line number="194" hits="1" branch="false" />
                <line number="195" hits="1" branch="false" />
                <line number="196" hits="1" branch="false" />
                <line number="197" hits="1" branch="false" />
                <line number="198" hits="1" branch="false" />
                <line number="199" hits="3" branch="true" condition-coverage="100% (4/4)" />
                <line number="200" hits="1" branch="false" />
                <line number="201" hits="1" branch="false" />
                <line number="202" hits="1" branch="false" />
                <line number="203" hits="1" branch="false" />
                <line number="204" hits="1" branch="false" />
                <line number="205" hits="1" branch="false" />
                <line number="206" hits="1" branch="false" />
                <line number="207" hits="1" branch="false" />
                <line number="208" hits="1" branch="false" />
                <line number="209" hits="1" branch="false" />
                <line number="210" hits="1" branch="false" />
                <line number="211" hits="3" branch="false" />
              </lines>
            </method>
            <method name="RecibirMasCuatro" signature="()" line-rate="1" branch-rate="1" complexity="8">
              <lines>
                <line number="214" hits="3" branch="false" />
                <line number="216" hits="3" branch="true" condition-coverage="100% (4/4)" />
                <line number="217" hits="1" branch="false" />
                <line number="218" hits="1" branch="false" />
                <line number="219" hits="1" branch="false" />
                <line number="220" hits="1" branch="false" />
                <line number="221" hits="1" branch="false" />
                <line number="222" hits="1" branch="false" />
                <line number="223" hits="1" branch="false" />
                <line number="224" hits="1" branch="false" />
                <line number="225" hits="1" branch="false" />
                <line number="226" hits="1" branch="false" />
                <line number="227" hits="1" branch="false" />
                <line number="228" hits="1" branch="false" />
                <line number="229" hits="1" branch="false" />
                <line number="230" hits="1" branch="false" />
                <line number="231" hits="1" branch="false" />
                <line number="232" hits="1" branch="false" />
                <line number="234" hits="3" branch="true" condition-coverage="100% (4/4)" />
                <line number="235" hits="1" branch="false" />
                <line number="236" hits="1" branch="false" />
                <line number="237" hits="1" branch="false" />
                <line number="238" hits="1" branch="false" />
                <line number="239" hits="1" branch="false" />
                <line number="240" hits="1" branch="false" />
                <line number="241" hits="1" branch="false" />
                <line number="242" hits="1" branch="false" />
                <line number="243" hits="1" branch="false" />
                <line number="244" hits="1" branch="false" />
                <line number="245" hits="1" branch="false" />
                <line number="246" hits="1" branch="false" />
                <line number="247" hits="1" branch="false" />
                <line number="248" hits="1" branch="false" />
                <line number="249" hits="1" branch="false" />
                <line number="250" hits="1" branch="false" />
                <line number="251" hits="3" branch="false" />
              </lines>
            </method>
            <method name="ElegirMano" signature="()" line-rate="0.75" branch-rate="0.5" complexity="2">
              <lines>
                <line number="254" hits="1" branch="false" />
                <line number="255" hits="1" branch="false" />
                <line number="256" hits="1" branch="false" />
                <line number="257" hits="1" branch="true" condition-coverage="50% (1/2)" />
                <line number="258" hits="1" branch="false" />
                <line number="259" hits="1" branch="false" />
                <line number="260" hits="1" branch="false" />
                <line number="262" hits="0" branch="false" />
                <line number="263" hits="0" branch="false" />
                <line number="264" hits="0" branch="false" />
                <line number="265" hits="1" branch="false" />
                <line number="266" hits="1" branch="false" />
              </lines>
            </method>
            <method name="AsignarTurno" signature="()" line-rate="0.647058823529412" branch-rate="0.416666666666667" complexity="12">
              <lines>
                <line number="269" hits="1" branch="false" />
                <line number="272" hits="1" branch="true" condition-coverage="50% (3/6)" />
                <line number="273" hits="1" branch="false" />
                <line number="274" hits="1" branch="false" />
                <line number="275" hits="1" branch="false" />
                <line number="277" hits="0" branch="false" />
                <line number="278" hits="0" branch="false" />
                <line number="279" hits="0" branch="false" />
                <line number="281" hits="1" branch="true" condition-coverage="33% (2/6)" />
                <line number="282" hits="0" branch="false" />
                <line number="283" hits="0" branch="false" />
                <line number="284" hits="0" branch="false" />
                <line number="286" hits="1" branch="false" />
                <line number="287" hits="1" branch="false" />
                <line number="288" hits="1" branch="false" />
                <line number="289" hits="1" branch="false" />
                <line number="290" hits="1" branch="false" />
              </lines>
            </method>
            <method name="JugarCartas" signature="()" line-rate="0" branch-rate="0" complexity="12">
              <lines>
                <line number="293" hits="0" branch="false" />
                <line number="294" hits="0" branch="false" />
                <line number="297" hits="0" branch="true" condition-coverage="0% (0/2)" />
                <line number="298" hits="0" branch="false" />
                <line number="299" hits="0" branch="false" />
                <line number="300" hits="0" branch="false" />
                <line number="302" hits="0" branch="false" />
                <line number="303" hits="0" branch="false" />
                <line number="304" hits="0" branch="false" />
                <line number="306" hits="0" branch="true" condition-coverage="0% (0/8)" />
                <line number="309" hits="0" branch="false" />
                <line number="310" hits="0" branch="false" />
                <line number="312" hits="0" branch="false" />
                <line number="313" hits="0" branch="false" />
                <line number="315" hits="0" branch="false" />
                <line number="316" hits="0" branch="false" />
                <line number="318" hits="0" branch="true" condition-coverage="0% (0/2)" />
                <line number="319" hits="0" branch="false" />
                <line number="320" hits="0" branch="false" />
                <line number="321" hits="0" branch="false" />
                <line number="322" hits="0" branch="false" />
                <line number="324" hits="0" branch="false" />
                <line number="325" hits="0" branch="false" />
              </lines>
            </method>
            <method name="RecibirNumero" signature="(...)" line-rate="0" branch-rate="0" complexity="22">
              <lines>
                <line number="327" hits="0" branch="false" />
                <line number="328" hits="0" branch="false" />
                <line number="330" hits="0" branch="true" condition-coverage="0% (0/2)" />
                <line number="331" hits="0" branch="false" />
                <line number="332" hits="0" branch="true" condition-coverage="0% (0/6)" />
                <line number="333" hits="0" branch="false" />
                <line number="334" hits="0" branch="false" />
                <line number="335" hits="0" branch="false" />
                <line number="338" hits="0" branch="false" />
                <line number="339" hits="0" branch="true" condition-coverage="0% (0/8)" />
                <line number="340" hits="0" branch="false" />
                <line number="341" hits="0" branch="false" />
                <line number="342" hits="0" branch="false" />
                <line number="343" hits="0" branch="false" />
                <line number="345" hits="0" branch="false" />
                <line number="346" hits="0" branch="true" condition-coverage="0% (0/4)" />
                <line number="347" hits="0" branch="false" />
                <line number="348" hits="0" branch="false" />
                <line number="349" hits="0" branch="false" />
                <line number="351" hits="0" branch="false" />
                <line number="352" hits="0" branch="true" condition-coverage="0% (0/2)" />
                <line number="353" hits="0" branch="false" />
                <line number="354" hits="0" branch="false" />
                <line number="355" hits="0" branch="false" />
                <line number="356" hits="0" branch="false" />
                <line number="357" hits="0" branch="false" />
                <line number="358" hits="0" branch="false" />
                <line number="359" hits="0" branch="false" />
                <line number="360" hits="0" branch="false" />
                <line number="361" hits="0" branch="false" />
              </lines>
            </method>
            <method name="RecibirCambioColor" signature="(...)" line-rate="0" branch-rate="0" complexity="28">
              <lines>
                <line number="364" hits="0" branch="false" />
                <line number="365" hits="0" branch="false" />
                <line number="366" hits="0" branch="false" />
                <line number="368" hits="0" branch="true" condition-coverage="0% (0/2)" />
                <line number="369" hits="0" branch="false" />
                <line number="370" hits="0" branch="true" condition-coverage="0% (0/2)" />
                <line number="371" hits="0" branch="false" />
                <line number="372" hits="0" branch="true" condition-coverage="0% (0/6)" />
                <line number="373" hits="0" branch="false" />
                <line number="374" hits="0" branch="false" />
                <line number="375" hits="0" branch="false" />
                <line number="378" hits="0" branch="false" />
                <line number="379" hits="0" branch="true" condition-coverage="0% (0/4)" />
                <line number="380" hits="0" branch="false" />
                <line number="381" hits="0" branch="false" />
                <line number="382" hits="0" branch="false" />
                <line number="384" hits="0" branch="false" />
                <line number="385" hits="0" branch="true" condition-coverage="0% (0/4)" />
                <line number="386" hits="0" branch="false" />
                <line number="387" hits="0" branch="false" />
                <line number="388" hits="0" branch="false" />
                <line number="389" hits="0" branch="false" />
                <line number="390" hits="0" branch="false" />
                <line number="391" hits="0" branch="false" />
                <line number="392" hits="0" branch="false" />
                <line number="394" hits="0" branch="false" />
                <line number="395" hits="0" branch="true" condition-coverage="0% (0/2)" />
                <line number="396" hits="0" branch="false" />
                <line number="397" hits="0" branch="true" condition-coverage="0% (0/4)" />
                <line number="398" hits="0" branch="false" />
                <line number="399" hits="0" branch="false" />
                <line number="400" hits="0" branch="false" />
                <line number="403" hits="0" branch="false" />
                <line number="404" hits="0" branch="true" condition-coverage="0% (0/2)" />
                <line number="405" hits="0" branch="false" />
                <line number="406" hits="0" branch="false" />
                <line number="407" hits="0" branch="false" />
                <line number="409" hits="0" branch="false" />
                <line number="410" hits="0" branch="true" condition-coverage="0% (0/2)" />
                <line number="411" hits="0" branch="false" />
                <line number="412" hits="0" branch="false" />
                <line number="413" hits="0" branch="false" />
                <line number="414" hits="0" branch="false" />
                <line number="415" hits="0" branch="false" />
                <line number="416" hits="0" branch="false" />
                <line number="417" hits="0" branch="false" />
                <line number="418" hits="0" branch="false" />
                <line number="419" hits="0" branch="false" />
              </lines>
            </method>
            <method name="RecibirPierdeTurno" signature="(...)" line-rate="0" branch-rate="0" complexity="16">
              <lines>
                <line number="422" hits="0" branch="false" />
                <line number="423" hits="0" branch="false" />
                <line number="425" hits="0" branch="true" condition-coverage="0% (0/2)" />
                <line number="426" hits="0" branch="false" />
                <line number="427" hits="0" branch="true" condition-coverage="0% (0/2)" />
                <line number="428" hits="0" branch="false" />
                <line number="429" hits="0" branch="false" />
                <line number="430" hits="0" branch="false" />
                <line number="433" hits="0" branch="false" />
                <line number="434" hits="0" branch="true" condition-coverage="0% (0/2)" />
                <line number="435" hits="0" branch="false" />
                <line number="436" hits="0" branch="false" />
                <line number="437" hits="0" branch="false" />
                <line number="440" hits="0" branch="false" />
                <line number="441" hits="0" branch="true" condition-coverage="0% (0/6)" />
                <line number="442" hits="0" branch="false" />
                <line number="443" hits="0" branch="false" />
                <line number="444" hits="0" branch="false" />
                <line number="447" hits="0" branch="false" />
                <line number="448" hits="0" branch="true" condition-coverage="0% (0/4)" />
                <line number="449" hits="0" branch="false" />
                <line number="450" hits="0" branch="false" />
                <line number="451" hits="0" branch="false" />
                <line number="453" hits="0" branch="false" />
                <line number="454" hits="0" branch="false" />
                <line number="455" hits="0" branch="false" />
                <line number="456" hits="0" branch="false" />
                <line number="457" hits="0" branch="false" />
                <line number="458" hits="0" branch="false" />
              </lines>
            </method>
            <method name="RecibirSaltea" signature="(...)" line-rate="0" branch-rate="0" complexity="16">
              <lines>
                <line number="460" hits="0" branch="false" />
                <line number="461" hits="0" branch="false" />
                <line number="463" hits="0" branch="true" condition-coverage="0% (0/2)" />
                <line number="464" hits="0" branch="false" />
                <line number="465" hits="0" branch="true" condition-coverage="0% (0/2)" />
                <line number="466" hits="0" branch="false" />
                <line number="467" hits="0" branch="false" />
                <line number="468" hits="0" branch="false" />
                <line number="471" hits="0" branch="false" />
                <line number="472" hits="0" branch="true" condition-coverage="0% (0/2)" />
                <line number="473" hits="0" branch="false" />
                <line number="474" hits="0" branch="false" />
                <line number="475" hits="0" branch="false" />
                <line number="478" hits="0" branch="false" />
                <line number="479" hits="0" branch="true" condition-coverage="0% (0/6)" />
                <line number="480" hits="0" branch="false" />
                <line number="481" hits="0" branch="false" />
                <line number="482" hits="0" branch="false" />
                <line number="484" hits="0" branch="false" />
                <line number="485" hits="0" branch="true" condition-coverage="0% (0/4)" />
                <line number="486" hits="0" branch="false" />
                <line number="487" hits="0" branch="false" />
                <line number="488" hits="0" branch="false" />
                <line number="490" hits="0" branch="false" />
                <line number="491" hits="0" branch="false" />
                <line number="492" hits="0" branch="false" />
                <line number="493" hits="0" branch="false" />
                <line number="494" hits="0" branch="false" />
                <line number="495" hits="0" branch="false" />
              </lines>
            </method>
            <method name="RecibirMasDosPropio" signature="(...)" line-rate="0" branch-rate="0" complexity="10">
              <lines>
                <line number="498" hits="0" branch="false" />
                <line number="499" hits="0" branch="false" />
                <line number="500" hits="0" branch="true" condition-coverage="0% (0/2)" />
                <line number="501" hits="0" branch="false" />
                <line number="502" hits="0" branch="true" condition-coverage="0% (0/2)" />
                <line number="503" hits="0" branch="false" />
                <line number="504" hits="0" branch="false" />
                <line number="505" hits="0" branch="false" />
                <line number="508" hits="0" branch="false" />
                <line number="509" hits="0" branch="true" condition-coverage="0% (0/2)" />
                <line number="510" hits="0" branch="false" />
                <line number="511" hits="0" branch="false" />
                <line number="512" hits="0" branch="false" />
                <line number="515" hits="0" branch="false" />
                <line number="516" hits="0" branch="true" condition-coverage="0% (0/4)" />
                <line number="517" hits="0" branch="false" />
                <line number="518" hits="0" branch="false" />
                <line number="519" hits="0" branch="false" />
                <line number="521" hits="0" branch="false" />
                <line number="522" hits="0" branch="false" />
                <line number="523" hits="0" branch="false" />
                <line number="524" hits="0" branch="false" />
                <line number="525" hits="0" branch="false" />
              </lines>
            </method>
            <method name="RecibirMasDosRival" signature="(...)" line-rate="0" branch-rate="0" complexity="6">
              <lines>
                <line number="528" hits="0" branch="false" />
                <line number="529" hits="0" branch="false" />
                <line number="531" hits="0" branch="true" condition-coverage="0% (0/2)" />
                <line number="532" hits="0" branch="false" />
                <line number="533" hits="0" branch="true" condition-coverage="0% (0/2)" />
                <line number="534" hits="0" branch="false" />
                <line number="535" hits="0" branch="false" />
                <line number="536" hits="0" branch="false" />
                <line number="537" hits="0" branch="false" />
                <line number="540" hits="0" branch="false" />
                <line number="541" hits="0" branch="true" condition-coverage="0% (0/2)" />
                <line number="542" hits="0" branch="false" />
                <line number="543" hits="0" branch="false" />
                <line number="544" hits="0" branch="false" />
                <line number="545" hits="0" branch="false" />
                <line number="546" hits="0" branch="false" />
                <line number="547" hits="0" branch="false" />
                <line number="548" hits="0" branch="false" />
                <line number="549" hits="0" branch="false" />
                <line number="550" hits="0" branch="false" />
                <line number="551" hits="0" branch="false" />
                <line number="552" hits="0" branch="false" />
              </lines>
            </method>
            <method name="ElejirColor" signature="(...)" line-rate="0" branch-rate="0" complexity="10">
              <lines>
                <line number="555" hits="0" branch="false" />
                <line number="556" hits="0" branch="false" />
                <line number="557" hits="0" branch="false" />
                <line number="558" hits="0" branch="false" />
                <line number="559" hits="0" branch="false" />
                <line number="560" hits="0" branch="false" />
                <line number="562" hits="0" branch="true" condition-coverage="0% (0/2)" />
                <line number="563" hits="0" branch="false" />
                <line number="564" hits="0" branch="true" condition-coverage="0% (0/8)" />
                <line number="567" hits="0" branch="false" />
                <line number="568" hits="0" branch="false" />
                <line number="570" hits="0" branch="false" />
                <line number="571" hits="0" branch="false" />
                <line number="573" hits="0" branch="false" />
                <line number="574" hits="0" branch="false" />
                <line number="576" hits="0" branch="false" />
                <line number="577" hits="0" branch="false" />
                <line number="579" hits="0" branch="false" />
                <line number="580" hits="0" branch="false" />
                <line number="581" hits="0" branch="false" />
                <line number="582" hits="0" branch="false" />
              </lines>
            </method>
            <method name="SacarCarta" signature="()" line-rate="1" branch-rate="1" complexity="1">
              <lines>
                <line number="586" hits="73" branch="false" />
                <line number="588" hits="73" branch="false" />
                <line number="590" hits="73" branch="false" />
                <line number="592" hits="73" branch="false" />
                <line number="593" hits="73" branch="false" />
                <line number="595" hits="73" branch="false" />
                <line number="596" hits="73" branch="false" />
              </lines>
            </method>
            <method name="RepartirCartas" signature="()" line-rate="1" branch-rate="1" complexity="1">
              <lines>
                <line number="599" hits="4" branch="false" />
                <line number="600" hits="4" branch="false" />
                <line number="601" hits="4" branch="false" />
                <line number="602" hits="4" branch="false" />
                <line number="603" hits="4" branch="false" />
                <line number="604" hits="4" branch="false" />
              </lines>
            </method>
            <method name="CrearMano" signature="()" line-rate="1" branch-rate="1" complexity="2">
              <lines>
                <line number="607" hits="8" branch="false" />
                <line number="608" hits="8" branch="false" />
                <line number="610" hits="128" branch="true" condition-coverage="100% (2/2)" />
                <line number="611" hits="56" branch="false" />
                <line number="612" hits="56" branch="false" />
                <line number="613" hits="56" branch="false" />
                <line number="615" hits="8" branch="false" />
                <line number="616" hits="8" branch="false" />
              </lines>
            </method>
            <method name=".ctor" signature="(...)" line-rate="1" branch-rate="1" complexity="1">
              <lines>
                <line number="24" hits="7" branch="false" />
                <line number="25" hits="7" branch="false" />
                <line number="26" hits="7" branch="false" />
                <line number="27" hits="7" branch="false" />
                <line number="28" hits="7" branch="false" />
                <line number="29" hits="7" branch="false" />
                <line number="30" hits="7" branch="false" />
                <line number="31" hits="7" branch="false" />
                <line number="32" hits="7" branch="false" />
                <line number="33" hits="7" branch="false" />
              </lines>
            </method>
            <method name=".ctor" signature="(...)" line-rate="0" branch-rate="1" complexity="1">
              <lines>
                <line number="35" hits="0" branch="false" />
                <line number="36" hits="0" branch="false" />
                <line number="37" hits="0" branch="false" />
                <line number="38" hits="0" branch="false" />
              </lines>
            </method>
          </methods>
          <lines>
            <line number="24" hits="7" branch="false" />
            <line number="25" hits="7" branch="false" />
            <line number="26" hits="7" branch="false" />
            <line number="27" hits="7" branch="false" />
            <line number="28" hits="7" branch="false" />
            <line number="29" hits="7" branch="false" />
            <line number="30" hits="7" branch="false" />
            <line number="31" hits="7" branch="false" />
            <line number="32" hits="7" branch="false" />
            <line number="33" hits="7" branch="false" />
            <line number="35" hits="0" branch="false" />
            <line number="36" hits="0" branch="false" />
            <line number="37" hits="0" branch="false" />
            <line number="38" hits="0" branch="false" />
            <line number="40" hits="0" branch="false" />
            <line number="42" hits="5" branch="false" />
            <line number="44" hits="2" branch="false" />
            <line number="45" hits="8" branch="false" />
            <line number="46" hits="0" branch="false" />
            <line number="47" hits="7" branch="false" />
            <line number="49" hits="6" branch="false" />
            <line number="52" hits="0" branch="false" />
            <line number="53" hits="0" branch="false" />
            <line number="56" hits="0" branch="false" />
            <line number="58" hits="0" branch="true" condition-coverage="0% (0/2)" />
            <line number="59" hits="0" branch="false" />
            <line number="60" hits="0" branch="false" />
            <line number="61" hits="0" branch="false" />
            <line number="62" hits="0" branch="false" />
            <line number="63" hits="0" branch="false" />
            <line number="64" hits="0" branch="false" />
            <line number="66" hits="0" branch="false" />
            <line number="67" hits="0" branch="false" />
            <line number="68" hits="0" branch="true" condition-coverage="0% (0/2)" />
            <line number="69" hits="0" branch="false" />
            <line number="70" hits="0" branch="false" />
            <line number="71" hits="0" branch="false" />
            <line number="73" hits="0" branch="false" />
            <line number="75" hits="0" branch="true" condition-coverage="0% (0/2)" />
            <line number="76" hits="0" branch="false" />
            <line number="77" hits="0" branch="false" />
            <line number="78" hits="0" branch="false" />
            <line number="79" hits="0" branch="true" condition-coverage="0% (0/2)" />
            <line number="80" hits="0" branch="false" />
            <line number="81" hits="0" branch="false" />
            <line number="82" hits="0" branch="false" />
            <line number="83" hits="0" branch="false" />
            <line number="85" hits="0" branch="false" />
            <line number="86" hits="0" branch="false" />
            <line number="87" hits="0" branch="false" />
            <line number="88" hits="0" branch="false" />
            <line number="89" hits="0" branch="false" />
            <line number="91" hits="0" branch="false" />
            <line number="92" hits="0" branch="false" />
            <line number="93" hits="0" branch="false" />
            <line number="94" hits="0" branch="true" condition-coverage="0% (0/2)" />
            <line number="95" hits="0" branch="false" />
            <line number="96" hits="0" branch="false" />
            <line number="97" hits="0" branch="false" />
            <line number="99" hits="0" branch="false" />
            <line number="100" hits="0" branch="false" />
            <line number="101" hits="0" branch="false" />
            <line number="102" hits="0" branch="false" />
            <line number="103" hits="0" branch="true" condition-coverage="0% (0/2)" />
            <line number="104" hits="0" branch="false" />
            <line number="105" hits="0" branch="false" />
            <line number="106" hits="0" branch="false" />
            <line number="107" hits="0" branch="true" condition-coverage="0% (0/2)" />
            <line number="108" hits="0" branch="false" />
            <line number="109" hits="0" branch="false" />
            <line number="110" hits="0" branch="false" />
            <line number="111" hits="0" branch="false" />
            <line number="113" hits="0" branch="false" />
            <line number="114" hits="0" branch="false" />
            <line number="115" hits="0" branch="false" />
            <line number="116" hits="0" branch="false" />
            <line number="117" hits="0" branch="false" />
            <line number="118" hits="0" branch="false" />
            <line number="120" hits="0" branch="false" />
            <line number="122" hits="0" branch="false" />
            <line number="123" hits="0" branch="false" />
            <line number="124" hits="0" branch="false" />
            <line number="125" hits="0" branch="true" condition-coverage="0% (0/2)" />
            <line number="126" hits="0" branch="false" />
            <line number="127" hits="0" branch="false" />
            <line number="128" hits="0" branch="false" />
            <line number="129" hits="0" branch="false" />
            <line number="131" hits="0" branch="true" condition-coverage="0% (0/2)" />
            <line number="132" hits="0" branch="false" />
            <line number="133" hits="0" branch="false" />
            <line number="134" hits="0" branch="false" />
            <line number="135" hits="0" branch="true" condition-coverage="0% (0/2)" />
            <line number="136" hits="0" branch="false" />
            <line number="137" hits="0" branch="false" />
            <line number="138" hits="0" branch="false" />
            <line number="140" hits="0" branch="false" />
            <line number="141" hits="0" branch="false" />
            <line number="142" hits="0" branch="false" />
            <line number="143" hits="0" branch="false" />
            <line number="145" hits="0" branch="false" />
            <line number="146" hits="0" branch="false" />
            <line number="147" hits="0" branch="true" condition-coverage="0% (0/2)" />
            <line number="148" hits="0" branch="false" />
            <line number="149" hits="0" branch="false" />
            <line number="150" hits="0" branch="false" />
            <line number="152" hits="0" branch="false" />
            <line number="153" hits="0" branch="false" />
            <line number="154" hits="0" branch="false" />
            <line number="155" hits="0" branch="false" />
            <line number="156" hits="0" branch="true" condition-coverage="0% (0/2)" />
            <line number="157" hits="0" branch="false" />
            <line number="158" hits="0" branch="false" />
            <line number="159" hits="0" branch="false" />
            <line number="160" hits="0" branch="true" condition-coverage="0% (0/2)" />
            <line number="161" hits="0" branch="false" />
            <line number="162" hits="0" branch="false" />
            <line number="163" hits="0" branch="false" />
            <line number="165" hits="0" branch="false" />
            <line number="166" hits="0" branch="false" />
            <line number="167" hits="0" branch="false" />
            <line number="168" hits="0" branch="false" />
            <line number="170" hits="0" branch="false" />
            <line number="171" hits="0" branch="true" condition-coverage="0% (0/2)" />
            <line number="172" hits="0" branch="false" />
            <line number="173" hits="0" branch="false" />
            <line number="174" hits="0" branch="false" />
            <line number="176" hits="0" branch="false" />
            <line number="177" hits="0" branch="false" />
            <line number="178" hits="0" branch="false" />
            <line number="179" hits="0" branch="false" />
            <line number="180" hits="0" branch="false" />
            <line number="181" hits="0" branch="false" />
            <line number="182" hits="0" branch="false" />
            <line number="185" hits="3" branch="false" />
            <line number="187" hits="3" branch="true" condition-coverage="100% (4/4)" />
            <line number="188" hits="1" branch="false" />
            <line number="189" hits="1" branch="false" />
            <line number="190" hits="1" branch="false" />
            <line number="191" hits="1" branch="false" />
            <line number="192" hits="1" branch="false" />
            <line number="193" hits="1" branch="false" />
            <line number="194" hits="1" branch="false" />
            <line number="195" hits="1" branch="false" />
            <line number="196" hits="1" branch="false" />
            <line number="197" hits="1" branch="false" />
            <line number="198" hits="1" branch="false" />
            <line number="199" hits="3" branch="true" condition-coverage="100% (4/4)" />
            <line number="200" hits="1" branch="false" />
            <line number="201" hits="1" branch="false" />
            <line number="202" hits="1" branch="false" />
            <line number="203" hits="1" branch="false" />
            <line number="204" hits="1" branch="false" />
            <line number="205" hits="1" branch="false" />
            <line number="206" hits="1" branch="false" />
            <line number="207" hits="1" branch="false" />
            <line number="208" hits="1" branch="false" />
            <line number="209" hits="1" branch="false" />
            <line number="210" hits="1" branch="false" />
            <line number="211" hits="3" branch="false" />
            <line number="214" hits="3" branch="false" />
            <line number="216" hits="3" branch="true" condition-coverage="100% (4/4)" />
            <line number="217" hits="1" branch="false" />
            <line number="218" hits="1" branch="false" />
            <line number="219" hits="1" branch="false" />
            <line number="220" hits="1" branch="false" />
            <line number="221" hits="1" branch="false" />
            <line number="222" hits="1" branch="false" />
            <line number="223" hits="1" branch="false" />
            <line number="224" hits="1" branch="false" />
            <line number="225" hits="1" branch="false" />
            <line number="226" hits="1" branch="false" />
            <line number="227" hits="1" branch="false" />
            <line number="228" hits="1" branch="false" />
            <line number="229" hits="1" branch="false" />
            <line number="230" hits="1" branch="false" />
            <line number="231" hits="1" branch="false" />
            <line number="232" hits="1" branch="false" />
            <line number="234" hits="3" branch="true" condition-coverage="100% (4/4)" />
            <line number="235" hits="1" branch="false" />
            <line number="236" hits="1" branch="false" />
            <line number="237" hits="1" branch="false" />
            <line number="238" hits="1" branch="false" />
            <line number="239" hits="1" branch="false" />
            <line number="240" hits="1" branch="false" />
            <line number="241" hits="1" branch="false" />
            <line number="242" hits="1" branch="false" />
            <line number="243" hits="1" branch="false" />
            <line number="244" hits="1" branch="false" />
            <line number="245" hits="1" branch="false" />
            <line number="246" hits="1" branch="false" />
            <line number="247" hits="1" branch="false" />
            <line number="248" hits="1" branch="false" />
            <line number="249" hits="1" branch="false" />
            <line number="250" hits="1" branch="false" />
            <line number="251" hits="3" branch="false" />
            <line number="254" hits="1" branch="false" />
            <line number="255" hits="1" branch="false" />
            <line number="256" hits="1" branch="false" />
            <line number="257" hits="1" branch="true" condition-coverage="50% (1/2)" />
            <line number="258" hits="1" branch="false" />
            <line number="259" hits="1" branch="false" />
            <line number="260" hits="1" branch="false" />
            <line number="262" hits="0" branch="false" />
            <line number="263" hits="0" branch="false" />
            <line number="264" hits="0" branch="false" />
            <line number="265" hits="1" branch="false" />
            <line number="266" hits="1" branch="false" />
            <line number="269" hits="1" branch="false" />
            <line number="272" hits="1" branch="true" condition-coverage="50% (3/6)" />
            <line number="273" hits="1" branch="false" />
            <line number="274" hits="1" branch="false" />
            <line number="275" hits="1" branch="false" />
            <line number="277" hits="0" branch="false" />
            <line number="278" hits="0" branch="false" />
            <line number="279" hits="0" branch="false" />
            <line number="281" hits="1" branch="true" condition-coverage="33% (2/6)" />
            <line number="282" hits="0" branch="false" />
            <line number="283" hits="0" branch="false" />
            <line number="284" hits="0" branch="false" />
            <line number="286" hits="1" branch="false" />
            <line number="287" hits="1" branch="false" />
            <line number="288" hits="1" branch="false" />
            <line number="289" hits="1" branch="false" />
            <line number="290" hits="1" branch="false" />
            <line number="293" hits="0" branch="false" />
            <line number="294" hits="0" branch="false" />
            <line number="297" hits="0" branch="true" condition-coverage="0% (0/2)" />
            <line number="298" hits="0" branch="false" />
            <line number="299" hits="0" branch="false" />
            <line number="300" hits="0" branch="false" />
            <line number="302" hits="0" branch="false" />
            <line number="303" hits="0" branch="false" />
            <line number="304" hits="0" branch="false" />
            <line number="306" hits="0" branch="true" condition-coverage="0% (0/8)" />
            <line number="309" hits="0" branch="false" />
            <line number="310" hits="0" branch="false" />
            <line number="312" hits="0" branch="false" />
            <line number="313" hits="0" branch="false" />
            <line number="315" hits="0" branch="false" />
            <line number="316" hits="0" branch="false" />
            <line number="318" hits="0" branch="true" condition-coverage="0% (0/2)" />
            <line number="319" hits="0" branch="false" />
            <line number="320" hits="0" branch="false" />
            <line number="321" hits="0" branch="false" />
            <line number="322" hits="0" branch="false" />
            <line number="324" hits="0" branch="false" />
            <line number="325" hits="0" branch="false" />
            <line number="327" hits="0" branch="false" />
            <line number="328" hits="0" branch="false" />
            <line number="330" hits="0" branch="true" condition-coverage="0% (0/2)" />
            <line number="331" hits="0" branch="false" />
            <line number="332" hits="0" branch="true" condition-coverage="0% (0/6)" />
            <line number="333" hits="0" branch="false" />
            <line number="334" hits="0" branch="false" />
            <line number="335" hits="0" branch="false" />
            <line number="338" hits="0" branch="false" />
            <line number="339" hits="0" branch="true" condition-coverage="0% (0/8)" />
            <line number="340" hits="0" branch="false" />
            <line number="341" hits="0" branch="false" />
            <line number="342" hits="0" branch="false" />
            <line number="343" hits="0" branch="false" />
            <line number="345" hits="0" branch="false" />
[...]
                <line number="89" hits="0" branch="false" />
                <line number="90" hits="0" branch="false" />
                <line number="91" hits="0" branch="false" />
                <line number="92" hits="0" branch="false" />
                <line number="93" hits="0" branch="false" />
              </lines>
            </method>
            <method name="CompararColores" signature="(...)" line-rate="0" branch-rate="0" complexity="30">
              <lines>
                <line number="96" hits="0" branch="false" />
                <line number="97" hits="0" branch="false" />
                <line number="98" hits="0" branch="true" condition-coverage="0% (0/6)" />
                <line number="99" hits="0" branch="false" />
                <line number="100" hits="0" branch="true" condition-coverage="0% (0/6)" />
                <line number="101" hits="0" branch="false" />
                <line number="102" hits="0" branch="false" />
                <line number="103" hits="0" branch="false" />
                <line number="104" hits="0" branch="true" condition-coverage="0% (0/6)" />
                <line number="105" hits="0" branch="false" />
                <line number="106" hits="0" branch="false" />
                <line number="107" hits="0" branch="false" />
                <line number="108" hits="0" branch="true" condition-coverage="0% (0/6)" />
                <line number="109" hits="0" branch="false" />
                <line number="110" hits="0" branch="false" />
                <line number="111" hits="0" branch="false" />
                <line number="112" hits="0" branch="true" condition-coverage="0% (0/6)" />
                <line number="113" hits="0" branch="false" />
                <line number="114" hits="0" branch="false" />
                <line number="115" hits="0" branch="false" />
                <line number="116" hits="0" branch="false" />
                <line number="117" hits="0" branch="false" />
                <line number="118" hits="0" branch="false" />
              </lines>
            </method>
          </methods>
          <lines>
            <line number="12" hits="0" branch="false" />
            <line number="13" hits="0" branch="false" />
            <line number="15" hits="0" branch="true" condition-coverage="0% (0/4)" />
            <line number="16" hits="0" branch="false" />
            <line number="17" hits="0" branch="false" />
            <line number="18" hits="0" branch="false" />
            <line number="20" hits="0" branch="false" />
            <line number="21" hits="0" branch="false" />
            <line number="23" hits="0" branch="false" />
            <line number="24" hits="0" branch="false" />
            <line number="26" hits="0" branch="true" condition-coverage="0% (0/4)" />
            <line number="27" hits="0" branch="false" />
            <line number="28" hits="0" branch="false" />
            <line number="29" hits="0" branch="false" />
            <line number="30" hits="0" branch="false" />
            <line number="31" hits="0" branch="false" />
            <line number="34" hits="0" branch="false" />
            <line number="35" hits="0" branch="false" />
            <line number="37" hits="0" branch="true" condition-coverage="0% (0/4)" />
            <line number="38" hits="0" branch="false" />
            <line number="39" hits="0" branch="false" />
            <line number="40" hits="0" branch="false" />
            <line number="41" hits="0" branch="false" />
            <line number="42" hits="0" branch="false" />
            <line number="45" hits="0" branch="false" />
            <line number="46" hits="0" branch="false" />
            <line number="48" hits="0" branch="true" condition-coverage="0% (0/2)" />
            <line number="49" hits="0" branch="false" />
            <line number="50" hits="0" branch="true" condition-coverage="0% (0/2)" />
            <line number="51" hits="0" branch="false" />
            <line number="52" hits="0" branch="true" condition-coverage="0% (0/2)" />
            <line number="53" hits="0" branch="false" />
            <line number="54" hits="0" branch="false" />
            <line number="55" hits="0" branch="false" />
            <line number="57" hits="0" branch="false" />
            <line number="58" hits="0" branch="false" />
            <line number="59" hits="0" branch="false" />
            <line number="60" hits="0" branch="false" />
            <line number="63" hits="0" branch="false" />
            <line number="64" hits="0" branch="false" />
            <line number="66" hits="0" branch="true" condition-coverage="0% (0/2)" />
            <line number="67" hits="0" branch="false" />
            <line number="68" hits="0" branch="true" condition-coverage="0% (0/2)" />
            <line number="69" hits="0" branch="false" />
            <line number="70" hits="0" branch="true" condition-coverage="0% (0/4)" />
            <line number="71" hits="0" branch="false" />
            <line number="72" hits="0" branch="false" />
            <line number="73" hits="0" branch="false" />
            <line number="75" hits="0" branch="false" />
            <line number="76" hits="0" branch="false" />
            <line number="77" hits="0" branch="false" />
            <line number="78" hits="0" branch="false" />
            <line number="81" hits="0" branch="false" />
            <line number="82" hits="0" branch="false" />
            <line number="85" hits="0" branch="true" condition-coverage="0% (0/2)" />
            <line number="86" hits="0" branch="false" />
            <line number="87" hits="0" branch="true" condition-coverage="0% (0/2)" />
            <line number="88" hits="0" branch="false" />
            <line number="89" hits="0" branch="false" />
            <line number="90" hits="0" branch="false" />
            <line number="91" hits="0" branch="false" />
            <line number="92" hits="0" branch="false" />
            <line number="93" hits="0" branch="false" />
            <line number="96" hits="0" branch="false" />
            <line number="97" hits="0" branch="false" />
            <line number="98" hits="0" branch="true" condition-coverage="0% (0/6)" />
            <line number="99" hits="0" branch="false" />
            <line number="100" hits="0" branch="true" condition-coverage="0% (0/6)" />
            <line number="101" hits="0" branch="false" />
            <line number="102" hits="0" branch="false" />
            <line number="103" hits="0" branch="false" />
            <line number="104" hits="0" branch="true" condition-coverage="0% (0/6)" />
            <line number="105" hits="0" branch="false" />
            <line number="106" hits="0" branch="false" />
            <line number="107" hits="0" branch="false" />
            <line number="108" hits="0" branch="true" condition-coverage="0% (0/6)" />
            <line number="109" hits="0" branch="false" />
            <line number="110" hits="0" branch="false" />
            <line number="111" hits="0" branch="false" />
            <line number="112" hits="0" branch="true" condition-coverage="0% (0/6)" />
            <line number="113" hits="0" branch="false" />
            <line number="114" hits="0" branch="false" />
            <line number="115" hits="0" branch="false" />
            <line number="116" hits="0" branch="false" />
            <line number="117" hits="0" branch="false" />
            <line number="118" hits="0" branch="false" />
          </lines>
        </class>
      </classes>
    </package>
    <package name="Library.TP2.Test" line-rate="0.988235294117647" branch-rate="1" complexity="9">
      <classes>
        <class name="AutoGeneratedProgram" filename="C:\Users\gpnic\.nuget\packages\microsoft.net.test.sdk\17.3.2\build\netcoreapp2.1\Microsoft.NET.Test.Sdk.Program.cs" line-rate="0" branch-rate="1" complexity="1">
          <methods>
            <method name="Main" signature="(...)" line-rate="0" branch-rate="1" complexity="1">
              <lines>
                <line number="4" hits="0" branch="false" />
              </lines>
            </method>
          </methods>
          <lines>
            <line number="4" hits="0" branch="false" />
          </lines>
        </class>
        <class name="Library.TP2.Test.Library" filename="C:\Users\gpnic\Desktop\Gil.Nicolas.David.TP2\Library.TP2.Test\Library.TP2.Should.cs" line-rate="1" branch-rate="1" complexity="8">
          <methods>
            <method name="RecibirMasDosTest" signature="()" line-rate="1" branch-rate="1" complexity="1">
              <lines>
                <line number="21" hits="1" branch="false" />
                <line number="22" hits="1" branch="false" />
                <line number="23" hits="1" branch="false" />
                <line number="24" hits="1" branch="false" />
                <line number="25" hits="1" branch="false" />
                <line number="26" hits="1" branch="false" />
                <line number="27" hits="1" branch="false" />
                <line number="28" hits="1" branch="false" />
                <line number="29" hits="1" branch="false" />
                <line number="31" hits="1" branch="false" />
                <line number="32" hits="1" branch="false" />
                <line number="33" hits="1" branch="false" />
                <line number="35" hits="1" branch="false" />
                <line number="37" hits="1" branch="false" />
                <line number="38" hits="1" branch="false" />
                <line number="39" hits="1" branch="false" />
                <line number="41" hits="1" branch="false" />
                <line number="43" hits="1" branch="false" />
                <line number="44" hits="1" branch="false" />
                <line number="45" hits="1" branch="false" />
                <line number="47" hits="1" branch="false" />
                <line number="48" hits="1" branch="false" />
              </lines>
            </method>
            <method name="RecibirMasCuatroTest" signature="()" line-rate="1" branch-rate="1" complexity="1">
              <lines>
                <line number="52" hits="1" branch="false" />
                <line number="53" hits="1" branch="false" />
                <line number="54" hits="1" branch="false" />
                <line number="55" hits="1" branch="false" />
                <line number="56" hits="1" branch="false" />
                <line number="57" hits="1" branch="false" />
                <line number="58" hits="1" branch="false" />
                <line number="59" hits="1" branch="false" />
                <line number="60" hits="1" branch="false" />
                <line number="62" hits="1" branch="false" />
                <line number="63" hits="1" branch="false" />
                <line number="64" hits="1" branch="false" />
                <line number="66" hits="1" branch="false" />
                <line number="68" hits="1" branch="false" />
                <line number="69" hits="1" branch="false" />
                <line number="70" hits="1" branch="false" />
                <line number="72" hits="1" branch="false" />
                <line number="74" hits="1" branch="false" />
                <line number="75" hits="1" branch="false" />
                <line number="76" hits="1" branch="false" />
                <line number="78" hits="1" branch="false" />
                <line number="79" hits="1" branch="false" />
              </lines>
            </method>
            <method name="ElegirManoTest" signature="()" line-rate="1" branch-rate="1" complexity="1">
              <lines>
                <line number="83" hits="1" branch="false" />
                <line number="84" hits="1" branch="false" />
                <line number="85" hits="1" branch="false" />
                <line number="86" hits="1" branch="false" />
                <line number="92" hits="1" branch="false" />
                <line number="96" hits="1" branch="false" />
                <line number="97" hits="1" branch="false" />
                <line number="98" hits="1" branch="false" />
              </lines>
            </method>
            <method name="AsignarTurnoTest" signature="()" line-rate="1" branch-rate="1" complexity="1">
              <lines>
                <line number="102" hits="1" branch="false" />
                <line number="105" hits="1" branch="false" />
                <line number="106" hits="1" branch="false" />
                <line number="107" hits="1" branch="false" />
                <line number="108" hits="1" branch="false" />
                <line number="110" hits="1" branch="false" />
                <line number="112" hits="1" branch="false" />
                <line number="114" hits="1" branch="false" />
              </lines>
            </method>
            <method name="SacarCartaTest" signature="()" line-rate="1" branch-rate="1" complexity="1">
              <lines>
                <line number="118" hits="1" branch="false" />
                <line number="119" hits="1" branch="false" />
                <line number="120" hits="1" branch="false" />
                <line number="121" hits="1" branch="false" />
                <line number="123" hits="1" branch="false" />
                <line number="125" hits="1" branch="false" />
                <line number="126" hits="1" branch="false" />
              </lines>
            </method>
            <method name="CrearManoTest" signature="()" line-rate="1" branch-rate="1" complexity="1">
              <lines>
                <line number="130" hits="1" branch="false" />
                <line number="131" hits="1" branch="false" />
                <line number="132" hits="1" branch="false" />
                <line number="133" hits="1" branch="false" />
                <line number="134" hits="1" branch="false" />
                <line number="135" hits="1" branch="false" />
                <line number="137" hits="1" branch="false" />
                <line number="139" hits="1" branch="false" />
              </lines>
            </method>
            <method name="RepartirCartasTest" signature="()" line-rate="1" branch-rate="1" complexity="1">
              <lines>
                <line number="143" hits="1" branch="false" />
                <line number="144" hits="1" branch="false" />
                <line number="145" hits="1" branch="false" />
                <line number="146" hits="1" branch="false" />
                <line number="147" hits="1" branch="false" />
                <line number="149" hits="1" branch="false" />
                <line number="151" hits="1" branch="false" />
                <line number="152" hits="1" branch="false" />
              </lines>
            </method>
            <method name=".ctor" signature="()" line-rate="1" branch-rate="1" complexity="1">
              <lines>
                <line number="12" hits="7" branch="false" />
              </lines>
            </method>
          </methods>
          <lines>
            <line number="12" hits="7" branch="false" />
            <line number="21" hits="1" branch="false" />
            <line number="22" hits="1" branch="false" />
            <line number="23" hits="1" branch="false" />
            <line number="24" hits="1" branch="false" />
            <line number="25" hits="1" branch="false" />
            <line number="26" hits="1" branch="false" />
            <line number="27" hits="1" branch="false" />
            <line number="28" hits="1" branch="false" />
            <line number="29" hits="1" branch="false" />
            <line number="31" hits="1" branch="false" />
            <line number="32" hits="1" branch="false" />
            <line number="33" hits="1" branch="false" />
            <line number="35" hits="1" branch="false" />
            <line number="37" hits="1" branch="false" />
            <line number="38" hits="1" branch="false" />
            <line number="39" hits="1" branch="false" />
            <line number="41" hits="1" branch="false" />
            <line number="43" hits="1" branch="false" />
            <line number="44" hits="1" branch="false" />
            <line number="45" hits="1" branch="false" />
            <line number="47" hits="1" branch="false" />
            <line number="48" hits="1" branch="false" />
            <line number="52" hits="1" branch="false" />
            <line number="53" hits="1" branch="false" />
            <line number="54" hits="1" branch="false" />
            <line number="55" hits="1" branch="false" />
            <line number="56" hits="1" branch="false" />
            <line number="57" hits="1" branch="false" />
            <line number="58" hits="1" branch="false" />
            <line number="59" hits="1" branch="false" />
            <line number="60" hits="1" branch="false" />
            <line number="62" hits="1" branch="false" />
            <line number="63" hits="1" branch="false" />
            <line number="64" hits="1" branch="false" />
            <line number="66" hits="1" branch="false" />
            <line number="68" hits="1" branch="false" />
            <line number="69" hits="1" branch="false" />
            <line number="70" hits="1" branch="false" />
            <line number="72" hits="1" branch="false" />
            <line number="74" hits="1" branch="false" />
            <line number="75" hits="1" branch="false" />
            <line number="76" hits="1" branch="false" />
            <line number="78" hits="1" branch="false" />
            <line number="79" hits="1" branch="false" />
            <line number="83" hits="1" branch="false" />
            <line number="84" hits="1" branch="false" />
            <line number="85" hits="1" branch="false" />
            <line number="86" hits="1" branch="false" />
            <line number="92" hits="1" branch="false" />
            <line number="96" hits="1" branch="false" />
            <line number="97" hits="1" branch="false" />
            <line number="98" hits="1" branch="false" />
            <line number="102" hits="1" branch="false" />
            <line number="105" hits="1" branch="false" />
            <line number="106" hits="1" branch="false" />
            <line number="107" hits="1" branch="false" />
            <line number="108" hits="1" branch="false" />
            <line number="110" hits="1" branch="false" />
            <line number="112" hits="1" branch="false" />
            <line number="114" hits="1" branch="false" />
            <line number="118" hits="1" branch="false" />
            <line number="119" hits="1" branch="false" />
            <line number="120" hits="1" branch="false" />
            <line number="121" hits="1" branch="false" />
            <line number="123" hits="1" branch="false" />
            <line number="125" hits="1" branch="false" />
            <line number="126" hits="1" branch="false" />
            <line number="130" hits="1" branch="false" />
            <line number="131" hits="1" branch="false" />
            <line number="132" hits="1" branch="false" />
            <line number="133" hits="1" branch="false" />
            <line number="134" hits="1" branch="false" />
            <line number="135" hits="1" branch="false" />
            <line number="137" hits="1" branch="false" />
            <line number="139" hits="1" branch="false" />
            <line number="143" hits="1" branch="false" />
            <line number="144" hits="1" branch="false" />
            <line number="145" hits="1" branch="false" />
            <line number="146" hits="1" branch="false" />
            <line number="147" hits="1" branch="false" />
            <line number="149" hits="1" branch="false" />
            <line number="151" hits="1" branch="false" />
            <line number="152" hits="1" branch="false" />
          </lines>
        </class>
      </classes>
    </package>
  </packages>
</coverage>